<?xml version="1.0" encoding="UTF-8"?>
<coverage generated="1772219999409" clover="3.2.0">
  <project timestamp="1772219999409" name="All files">
    <metrics statements="540" coveredstatements="520" conditionals="329" coveredconditionals="253" methods="51" coveredmethods="46" elements="920" coveredelements="819" complexity="0" loc="540" ncloc="540" packages="1" files="4" classes="4"/>
    <file name="analyze.js" path="/home/neo/neo-workspace/skill-factory-service/workspaces/skill-0137-a-skill-that-automatically-analyzes/skill/scripts/analyze.js">
      <metrics statements="143" coveredstatements="142" conditionals="123" coveredconditionals="86" methods="11" coveredmethods="11"/>
      <line num="3" count="3" type="stmt"/>
      <line num="12" count="3" type="stmt"/>
      <line num="19" count="20" type="cond" truecount="2" falsecount="0"/>
      <line num="22" count="20" type="stmt"/>
      <line num="25" count="18" type="stmt"/>
      <line num="26" count="18" type="cond" truecount="1" falsecount="1"/>
      <line num="27" count="0" type="stmt"/>
      <line num="38" count="18" type="stmt"/>
      <line num="39" count="18" type="stmt"/>
      <line num="40" count="18" type="cond" truecount="1" falsecount="1"/>
      <line num="42" count="18" type="stmt"/>
      <line num="43" count="18" type="stmt"/>
      <line num="46" count="18" type="stmt"/>
      <line num="47" count="18" type="stmt"/>
      <line num="50" count="18" type="stmt"/>
      <line num="51" count="18" type="stmt"/>
      <line num="52" count="18" type="stmt"/>
      <line num="53" count="18" type="stmt"/>
      <line num="55" count="18" type="stmt"/>
      <line num="56" count="342" type="stmt"/>
      <line num="57" count="342" type="cond" truecount="1" falsecount="1"/>
      <line num="60" count="342" type="stmt"/>
      <line num="61" count="342" type="stmt"/>
      <line num="66" count="342" type="stmt"/>
      <line num="68" count="342" type="stmt"/>
      <line num="79" count="342" type="stmt"/>
      <line num="80" count="342" type="stmt"/>
      <line num="81" count="342" type="stmt"/>
      <line num="83" count="342" type="stmt"/>
      <line num="84" count="240" type="stmt"/>
      <line num="85" count="240" type="cond" truecount="1" falsecount="1"/>
      <line num="86" count="240" type="stmt"/>
      <line num="93" count="342" type="stmt"/>
      <line num="97" count="591" type="cond" truecount="2" falsecount="2"/>
      <line num="99" count="18" type="stmt"/>
      <line num="126" count="342" type="stmt"/>
      <line num="127" count="342" type="stmt"/>
      <line num="130" count="342" type="cond" truecount="2" falsecount="0"/>
      <line num="131" count="672" type="stmt"/>
      <line num="132" count="33" type="cond" truecount="1" falsecount="1"/>
      <line num="133" count="33" type="stmt"/>
      <line num="134" count="33" type="stmt"/>
      <line num="146" count="342" type="cond" truecount="2" falsecount="0"/>
      <line num="147" count="822" type="stmt"/>
      <line num="148" count="48" type="stmt"/>
      <line num="149" count="48" type="cond" truecount="4" falsecount="0"/>
      <line num="150" count="33" type="stmt"/>
      <line num="151" count="33" type="stmt"/>
      <line num="163" count="342" type="cond" truecount="2" falsecount="0"/>
      <line num="164" count="330" type="stmt"/>
      <line num="165" count="15" type="cond" truecount="1" falsecount="1"/>
      <line num="166" count="15" type="stmt"/>
      <line num="167" count="15" type="stmt"/>
      <line num="179" count="342" type="cond" truecount="2" falsecount="0"/>
      <line num="180" count="15" type="stmt"/>
      <line num="181" count="15" type="stmt"/>
      <line num="191" count="342" type="stmt"/>
      <line num="198" count="342" type="stmt"/>
      <line num="199" count="342" type="stmt"/>
      <line num="200" count="342" type="stmt"/>
      <line num="201" count="342" type="cond" truecount="2" falsecount="0"/>
      <line num="204" count="312" type="cond" truecount="2" falsecount="0"/>
      <line num="205" count="48" type="cond" truecount="1" falsecount="1"/>
      <line num="206" count="48" type="cond" truecount="1" falsecount="1"/>
      <line num="209" count="48" type="cond" truecount="2" falsecount="0"/>
      <line num="210" count="33" type="stmt"/>
      <line num="211" count="33" type="stmt"/>
      <line num="212" count="33" type="stmt"/>
      <line num="213" count="33" type="stmt"/>
      <line num="215" count="33" type="cond" truecount="1" falsecount="1"/>
      <line num="216" count="33" type="stmt"/>
      <line num="230" count="48" type="cond" truecount="5" falsecount="0"/>
      <line num="231" count="15" type="stmt"/>
      <line num="232" count="15" type="stmt"/>
      <line num="246" count="312" type="cond" truecount="2" falsecount="0"/>
      <line num="247" count="18" type="cond" truecount="1" falsecount="1"/>
      <line num="248" count="18" type="cond" truecount="1" falsecount="1"/>
      <line num="250" count="18" type="cond" truecount="1" falsecount="1"/>
      <line num="251" count="18" type="stmt"/>
      <line num="252" count="18" type="stmt"/>
      <line num="253" count="18" type="stmt"/>
      <line num="254" count="18" type="stmt"/>
      <line num="256" count="18" type="cond" truecount="1" falsecount="1"/>
      <line num="257" count="18" type="stmt"/>
      <line num="271" count="18" type="cond" truecount="4" falsecount="0"/>
      <line num="272" count="15" type="stmt"/>
      <line num="273" count="15" type="stmt"/>
      <line num="274" count="15" type="stmt"/>
      <line num="275" count="15" type="cond" truecount="1" falsecount="1"/>
      <line num="276" count="15" type="stmt"/>
      <line num="289" count="312" type="cond" truecount="2" falsecount="0"/>
      <line num="290" count="15" type="cond" truecount="1" falsecount="1"/>
      <line num="291" count="15" type="cond" truecount="1" falsecount="1"/>
      <line num="292" count="15" type="cond" truecount="1" falsecount="1"/>
      <line num="294" count="15" type="cond" truecount="2" falsecount="2"/>
      <line num="295" count="15" type="stmt"/>
      <line num="296" count="15" type="stmt"/>
      <line num="297" count="15" type="stmt"/>
      <line num="299" count="15" type="stmt"/>
      <line num="311" count="312" type="cond" truecount="2" falsecount="0"/>
      <line num="312" count="15" type="cond" truecount="1" falsecount="1"/>
      <line num="313" count="15" type="cond" truecount="1" falsecount="1"/>
      <line num="315" count="15" type="cond" truecount="1" falsecount="1"/>
      <line num="316" count="15" type="stmt"/>
      <line num="317" count="15" type="stmt"/>
      <line num="318" count="15" type="stmt"/>
      <line num="319" count="15" type="stmt"/>
      <line num="321" count="15" type="cond" truecount="1" falsecount="1"/>
      <line num="322" count="15" type="stmt"/>
      <line num="336" count="312" type="stmt"/>
      <line num="343" count="342" type="stmt"/>
      <line num="344" count="342" type="stmt"/>
      <line num="347" count="342" type="cond" truecount="4" falsecount="0"/>
      <line num="348" count="15" type="cond" truecount="1" falsecount="1"/>
      <line num="349" count="15" type="stmt"/>
      <line num="350" count="15" type="stmt"/>
      <line num="351" count="15" type="stmt"/>
      <line num="353" count="15" type="cond" truecount="1" falsecount="1"/>
      <line num="354" count="15" type="stmt"/>
      <line num="366" count="342" type="cond" truecount="5" falsecount="0"/>
      <line num="367" count="18" type="cond" truecount="1" falsecount="1"/>
      <line num="368" count="18" type="cond" truecount="1" falsecount="1"/>
      <line num="369" count="18" type="stmt"/>
      <line num="370" count="18" type="stmt"/>
      <line num="371" count="18" type="stmt"/>
      <line num="373" count="18" type="cond" truecount="1" falsecount="1"/>
      <line num="374" count="18" type="stmt"/>
      <line num="385" count="342" type="stmt"/>
      <line num="392" count="18" type="stmt"/>
      <line num="393" count="18" type="stmt"/>
      <line num="394" count="240" type="cond" truecount="1" falsecount="1"/>
      <line num="395" count="240" type="cond" truecount="2" falsecount="0"/>
      <line num="396" count="54" type="stmt"/>
      <line num="398" count="240" type="stmt"/>
      <line num="399" count="240" type="cond" truecount="1" falsecount="1"/>
      <line num="401" count="18" type="stmt"/>
      <line num="408" count="18" type="stmt"/>
      <line num="409" count="18" type="stmt"/>
      <line num="410" count="342" type="cond" truecount="1" falsecount="1"/>
      <line num="411" count="342" type="cond" truecount="2" falsecount="0"/>
      <line num="413" count="18" type="stmt"/>
      <line num="417" count="129" type="stmt"/>
      <line num="420" count="3" type="stmt"/>
    </file>
    <file name="cli.js" path="/home/neo/neo-workspace/skill-factory-service/workspaces/skill-0137-a-skill-that-automatically-analyzes/skill/scripts/cli.js">
      <metrics statements="70" coveredstatements="64" conditionals="46" coveredconditionals="40" methods="4" coveredmethods="4"/>
      <line num="3" count="1" type="stmt"/>
      <line num="4" count="1" type="stmt"/>
      <line num="5" count="1" type="stmt"/>
      <line num="7" count="1" type="stmt"/>
      <line num="8" count="1" type="stmt"/>
      <line num="11" count="1" type="stmt"/>
      <line num="35" count="1" type="stmt"/>
      <line num="39" count="1" type="stmt"/>
      <line num="43" count="18" type="stmt"/>
      <line num="53" count="18" type="stmt"/>
      <line num="54" count="18" type="stmt"/>
      <line num="56" count="18" type="stmt"/>
      <line num="57" count="32" type="stmt"/>
      <line num="59" count="32" type="cond" truecount="4" falsecount="0"/>
      <line num="60" count="3" type="stmt"/>
      <line num="61" count="29" type="cond" truecount="4" falsecount="0"/>
      <line num="62" count="3" type="stmt"/>
      <line num="63" count="26" type="cond" truecount="4" falsecount="0"/>
      <line num="64" count="4" type="stmt"/>
      <line num="65" count="4" type="stmt"/>
      <line num="66" count="22" type="cond" truecount="4" falsecount="0"/>
      <line num="67" count="1" type="stmt"/>
      <line num="68" count="1" type="stmt"/>
      <line num="69" count="21" type="cond" truecount="4" falsecount="0"/>
      <line num="70" count="1" type="stmt"/>
      <line num="71" count="1" type="stmt"/>
      <line num="72" count="20" type="cond" truecount="1" falsecount="1"/>
      <line num="73" count="20" type="cond" truecount="2" falsecount="0"/>
      <line num="74" count="11" type="stmt"/>
      <line num="75" count="9" type="cond" truecount="1" falsecount="1"/>
      <line num="76" count="9" type="stmt"/>
      <line num="80" count="32" type="stmt"/>
      <line num="83" count="18" type="stmt"/>
      <line num="87" count="10" type="cond" truecount="1" falsecount="1"/>
      <line num="89" count="10" type="cond" truecount="2" falsecount="0"/>
      <line num="90" count="1" type="stmt"/>
      <line num="91" count="1" type="stmt"/>
      <line num="94" count="9" type="cond" truecount="2" falsecount="0"/>
      <line num="95" count="1" type="stmt"/>
      <line num="96" count="1" type="stmt"/>
      <line num="99" count="8" type="cond" truecount="2" falsecount="0"/>
      <line num="100" count="1" type="stmt"/>
      <line num="101" count="1" type="stmt"/>
      <line num="104" count="7" type="cond" truecount="2" falsecount="0"/>
      <line num="105" count="1" type="stmt"/>
      <line num="106" count="1" type="stmt"/>
      <line num="109" count="6" type="cond" truecount="2" falsecount="0"/>
      <line num="110" count="1" type="stmt"/>
      <line num="111" count="1" type="stmt"/>
      <line num="115" count="5" type="stmt"/>
      <line num="116" count="5" type="cond" truecount="2" falsecount="0"/>
      <line num="117" count="1" type="stmt"/>
      <line num="118" count="1" type="stmt"/>
      <line num="121" count="4" type="stmt"/>
      <line num="122" count="4" type="stmt"/>
      <line num="126" count="3" type="stmt"/>
      <line num="128" count="3" type="cond" truecount="1" falsecount="1"/>
      <line num="129" count="0" type="stmt"/>
      <line num="130" count="0" type="stmt"/>
      <line num="131" count="0" type="stmt"/>
      <line num="133" count="3" type="stmt"/>
      <line num="136" count="3" type="cond" truecount="1" falsecount="1"/>
      <line num="137" count="0" type="stmt"/>
      <line num="140" count="3" type="stmt"/>
      <line num="142" count="1" type="stmt"/>
      <line num="143" count="1" type="stmt"/>
      <line num="148" count="1" type="cond" truecount="1" falsecount="1"/>
      <line num="149" count="0" type="stmt"/>
      <line num="150" count="0" type="stmt"/>
      <line num="153" count="1" type="stmt"/>
    </file>
    <file name="reporter.js" path="/home/neo/neo-workspace/skill-factory-service/workspaces/skill-0137-a-skill-that-automatically-analyzes/skill/scripts/reporter.js">
      <metrics statements="175" coveredstatements="172" conditionals="29" coveredconditionals="22" methods="6" coveredmethods="6"/>
      <line num="3" count="2" type="stmt"/>
      <line num="12" count="12" type="cond" truecount="4" falsecount="0"/>
      <line num="14" count="2" type="stmt"/>
      <line num="16" count="5" type="stmt"/>
      <line num="19" count="5" type="stmt"/>
      <line num="27" count="5" type="stmt"/>
      <line num="28" count="5" type="stmt"/>
      <line num="29" count="5" type="stmt"/>
      <line num="31" count="5" type="stmt"/>
      <line num="32" count="5" type="stmt"/>
      <line num="33" count="5" type="stmt"/>
      <line num="34" count="5" type="stmt"/>
      <line num="36" count="5" type="cond" truecount="2" falsecount="0"/>
      <line num="37" count="1" type="stmt"/>
      <line num="38" count="1" type="stmt"/>
      <line num="39" count="1" type="stmt"/>
      <line num="40" count="1" type="stmt"/>
      <line num="42" count="1" type="stmt"/>
      <line num="46" count="4" type="stmt"/>
      <line num="47" count="4" type="stmt"/>
      <line num="48" count="4" type="stmt"/>
      <line num="49" count="4" type="stmt"/>
      <line num="52" count="4" type="stmt"/>
      <line num="53" count="4" type="stmt"/>
      <line num="54" count="4" type="stmt"/>
      <line num="55" count="4" type="stmt"/>
      <line num="56" count="4" type="stmt"/>
      <line num="57" count="4" type="stmt"/>
      <line num="58" count="4" type="stmt"/>
      <line num="59" count="4" type="stmt"/>
      <line num="60" count="4" type="stmt"/>
      <line num="63" count="4" type="stmt"/>
      <line num="64" count="4" type="stmt"/>
      <line num="65" count="52" type="stmt"/>
      <line num="66" count="52" type="stmt"/>
      <line num="68" count="4" type="stmt"/>
      <line num="71" count="4" type="cond" truecount="1" falsecount="1"/>
      <line num="72" count="4" type="stmt"/>
      <line num="73" count="4" type="stmt"/>
      <line num="74" count="12" type="stmt"/>
      <line num="76" count="4" type="stmt"/>
      <line num="80" count="4" type="cond" truecount="1" falsecount="1"/>
      <line num="81" count="4" type="stmt"/>
      <line num="82" count="4" type="stmt"/>
      <line num="83" count="4" type="stmt"/>
      <line num="84" count="4" type="stmt"/>
      <line num="86" count="4" type="stmt"/>
      <line num="87" count="60" type="stmt"/>
      <line num="88" count="60" type="stmt"/>
      <line num="90" count="60" type="stmt"/>
      <line num="91" count="60" type="stmt"/>
      <line num="92" count="60" type="stmt"/>
      <line num="93" count="60" type="stmt"/>
      <line num="94" count="60" type="cond" truecount="1" falsecount="1"/>
      <line num="95" count="60" type="stmt"/>
      <line num="97" count="60" type="stmt"/>
      <line num="100" count="0" type="stmt"/>
      <line num="101" count="0" type="stmt"/>
      <line num="105" count="4" type="stmt"/>
      <line num="106" count="4" type="stmt"/>
      <line num="107" count="4" type="stmt"/>
      <line num="108" count="4" type="stmt"/>
      <line num="110" count="4" type="stmt"/>
      <line num="111" count="88" type="stmt"/>
      <line num="112" count="88" type="stmt"/>
      <line num="113" count="88" type="stmt"/>
      <line num="114" count="88" type="cond" truecount="2" falsecount="0"/>
      <line num="115" count="88" type="cond" truecount="2" falsecount="0"/>
      <line num="116" count="48" type="stmt"/>
      <line num="118" count="88" type="stmt"/>
      <line num="121" count="4" type="stmt"/>
      <line num="122" count="4" type="stmt"/>
      <line num="123" count="4" type="stmt"/>
      <line num="125" count="4" type="stmt"/>
      <line num="132" count="2" type="stmt"/>
      <line num="139" count="5" type="stmt"/>
      <line num="141" count="5" type="stmt"/>
      <line num="142" count="5" type="stmt"/>
      <line num="143" count="5" type="stmt"/>
      <line num="144" count="5" type="stmt"/>
      <line num="145" count="5" type="stmt"/>
      <line num="146" count="5" type="stmt"/>
      <line num="147" count="5" type="stmt"/>
      <line num="148" count="5" type="stmt"/>
      <line num="149" count="5" type="stmt"/>
      <line num="150" count="5" type="stmt"/>
      <line num="151" count="5" type="stmt"/>
      <line num="152" count="5" type="stmt"/>
      <line num="153" count="5" type="stmt"/>
      <line num="154" count="5" type="stmt"/>
      <line num="155" count="5" type="stmt"/>
      <line num="156" count="5" type="stmt"/>
      <line num="157" count="5" type="stmt"/>
      <line num="158" count="5" type="stmt"/>
      <line num="159" count="5" type="stmt"/>
      <line num="160" count="5" type="stmt"/>
      <line num="161" count="5" type="stmt"/>
      <line num="162" count="5" type="stmt"/>
      <line num="163" count="5" type="stmt"/>
      <line num="164" count="5" type="stmt"/>
      <line num="165" count="5" type="stmt"/>
      <line num="166" count="5" type="stmt"/>
      <line num="167" count="5" type="stmt"/>
      <line num="168" count="5" type="stmt"/>
      <line num="171" count="5" type="stmt"/>
      <line num="172" count="5" type="stmt"/>
      <line num="174" count="5" type="cond" truecount="2" falsecount="0"/>
      <line num="175" count="1" type="stmt"/>
      <line num="176" count="1" type="stmt"/>
      <line num="177" count="1" type="stmt"/>
      <line num="178" count="1" type="stmt"/>
      <line num="180" count="1" type="stmt"/>
      <line num="181" count="1" type="stmt"/>
      <line num="184" count="4" type="stmt"/>
      <line num="185" count="4" type="stmt"/>
      <line num="186" count="4" type="stmt"/>
      <line num="189" count="4" type="stmt"/>
      <line num="190" count="4" type="stmt"/>
      <line num="191" count="4" type="stmt"/>
      <line num="192" count="4" type="stmt"/>
      <line num="193" count="4" type="stmt"/>
      <line num="194" count="4" type="stmt"/>
      <line num="195" count="4" type="stmt"/>
      <line num="196" count="4" type="stmt"/>
      <line num="197" count="4" type="stmt"/>
      <line num="198" count="4" type="stmt"/>
      <line num="201" count="4" type="cond" truecount="1" falsecount="1"/>
      <line num="202" count="4" type="stmt"/>
      <line num="203" count="4" type="stmt"/>
      <line num="204" count="4" type="stmt"/>
      <line num="205" count="4" type="stmt"/>
      <line num="206" count="4" type="stmt"/>
      <line num="208" count="4" type="stmt"/>
      <line num="209" count="60" type="stmt"/>
      <line num="210" count="60" type="stmt"/>
      <line num="211" count="60" type="stmt"/>
      <line num="213" count="60" type="stmt"/>
      <line num="214" count="60" type="stmt"/>
      <line num="215" count="60" type="stmt"/>
      <line num="216" count="60" type="stmt"/>
      <line num="217" count="60" type="stmt"/>
      <line num="218" count="60" type="stmt"/>
      <line num="219" count="60" type="cond" truecount="1" falsecount="1"/>
      <line num="220" count="60" type="stmt"/>
      <line num="223" count="4" type="stmt"/>
      <line num="224" count="4" type="stmt"/>
      <line num="225" count="4" type="stmt"/>
      <line num="229" count="4" type="stmt"/>
      <line num="230" count="4" type="stmt"/>
      <line num="231" count="4" type="stmt"/>
      <line num="232" count="4" type="stmt"/>
      <line num="233" count="4" type="stmt"/>
      <line num="235" count="4" type="stmt"/>
      <line num="236" count="88" type="stmt"/>
      <line num="237" count="88" type="stmt"/>
      <line num="238" count="88" type="stmt"/>
      <line num="239" count="88" type="stmt"/>
      <line num="240" count="88" type="stmt"/>
      <line num="241" count="88" type="stmt"/>
      <line num="242" count="88" type="stmt"/>
      <line num="245" count="4" type="stmt"/>
      <line num="246" count="4" type="stmt"/>
      <line num="247" count="4" type="stmt"/>
      <line num="250" count="4" type="stmt"/>
      <line num="251" count="4" type="stmt"/>
      <line num="252" count="4" type="stmt"/>
      <line num="254" count="4" type="stmt"/>
      <line num="258" count="60" type="cond" truecount="3" falsecount="1"/>
      <line num="259" count="32" type="stmt"/>
      <line num="260" count="20" type="stmt"/>
      <line num="261" count="8" type="stmt"/>
      <line num="262" count="0" type="stmt"/>
      <line num="267" count="429" type="cond" truecount="2" falsecount="0"/>
      <line num="268" count="428" type="stmt"/>
      <line num="275" count="2" type="stmt"/>
    </file>
    <file name="utils.js" path="/home/neo/neo-workspace/skill-factory-service/workspaces/skill-0137-a-skill-that-automatically-analyzes/skill/scripts/utils.js">
      <metrics statements="152" coveredstatements="142" conditionals="131" coveredconditionals="105" methods="30" coveredmethods="25"/>
      <line num="3" count="4" type="stmt"/>
      <line num="4" count="4" type="stmt"/>
      <line num="5" count="4" type="stmt"/>
      <line num="7" count="4" type="stmt"/>
      <line num="14" count="23" type="stmt"/>
      <line num="15" count="23" type="cond" truecount="2" falsecount="0"/>
      <line num="16" count="3" type="stmt"/>
      <line num="19" count="20" type="stmt"/>
      <line num="20" count="20" type="stmt"/>
      <line num="22" count="20" type="cond" truecount="2" falsecount="0"/>
      <line num="23" count="4" type="stmt"/>
      <line num="25" count="16" type="cond" truecount="2" falsecount="2"/>
      <line num="26" count="16" type="stmt"/>
      <line num="30" count="0" type="stmt"/>
      <line num="31" count="0" type="stmt"/>
      <line num="33" count="0" type="stmt"/>
      <line num="38" count="4" type="stmt"/>
      <line num="39" count="4" type="stmt"/>
      <line num="41" count="0" type="stmt"/>
      <line num="46" count="16" type="stmt"/>
      <line num="48" count="16" type="stmt"/>
      <line num="49" count="16" type="stmt"/>
      <line num="51" count="0" type="stmt"/>
      <line num="60" count="16" type="stmt"/>
      <line num="67" count="16" type="stmt"/>
      <line num="68" count="272" type="stmt"/>
      <line num="70" count="400" type="stmt"/>
      <line num="71" count="0" type="stmt"/>
      <line num="76" count="16" type="stmt"/>
      <line num="77" count="272" type="stmt"/>
      <line num="79" count="0" type="stmt"/>
      <line num="80" count="0" type="stmt"/>
      <line num="85" count="16" type="stmt"/>
      <line num="86" count="272" type="stmt"/>
      <line num="88" count="0" type="stmt"/>
      <line num="89" count="0" type="stmt"/>
      <line num="93" count="16" type="stmt"/>
      <line num="100" count="23" type="stmt"/>
      <line num="102" count="23" type="cond" truecount="4" falsecount="0"/>
      <line num="103" count="1" type="stmt"/>
      <line num="104" count="1" type="stmt"/>
      <line num="107" count="22" type="cond" truecount="4" falsecount="0"/>
      <line num="108" count="1" type="stmt"/>
      <line num="109" count="1" type="stmt"/>
      <line num="112" count="21" type="cond" truecount="2" falsecount="0"/>
      <line num="113" count="1" type="stmt"/>
      <line num="114" count="1" type="stmt"/>
      <line num="118" count="20" type="stmt"/>
      <line num="119" count="344" type="cond" truecount="2" falsecount="0"/>
      <line num="120" count="1" type="stmt"/>
      <line num="124" count="20" type="stmt"/>
      <line num="131" count="20" type="stmt"/>
      <line num="132" count="20" type="stmt"/>
      <line num="139" count="19" type="stmt"/>
      <line num="140" count="19" type="stmt"/>
      <line num="147" count="679" type="stmt"/>
      <line num="148" count="679" type="cond" truecount="4" falsecount="0"/>
      <line num="149" count="31" type="stmt"/>
      <line num="152" count="648" type="cond" truecount="9" falsecount="0"/>
      <line num="154" count="130" type="stmt"/>
      <line num="156" count="104" type="stmt"/>
      <line num="158" count="87" type="stmt"/>
      <line num="160" count="31" type="stmt"/>
      <line num="162" count="82" type="stmt"/>
      <line num="164" count="31" type="stmt"/>
      <line num="166" count="31" type="stmt"/>
      <line num="168" count="46" type="stmt"/>
      <line num="170" count="106" type="stmt"/>
      <line num="175" count="130" type="cond" truecount="1" falsecount="1"/>
      <line num="176" count="130" type="cond" truecount="1" falsecount="1"/>
      <line num="177" count="130" type="stmt"/>
      <line num="185" count="104" type="cond" truecount="1" falsecount="1"/>
      <line num="186" count="104" type="cond" truecount="1" falsecount="1"/>
      <line num="187" count="104" type="cond" truecount="1" falsecount="1"/>
      <line num="188" count="104" type="stmt"/>
      <line num="189" count="104" type="cond" truecount="2" falsecount="0"/>
      <line num="190" count="104" type="cond" truecount="4" falsecount="0"/>
      <line num="191" count="104" type="stmt"/>
      <line num="199" count="87" type="cond" truecount="1" falsecount="1"/>
      <line num="200" count="87" type="cond" truecount="1" falsecount="1"/>
      <line num="201" count="87" type="cond" truecount="2" falsecount="0"/>
      <line num="202" count="87" type="cond" truecount="2" falsecount="0"/>
      <line num="203" count="87" type="cond" truecount="2" falsecount="0"/>
      <line num="204" count="87" type="cond" truecount="3" falsecount="1"/>
      <line num="205" count="87" type="stmt"/>
      <line num="206" count="87" type="stmt"/>
      <line num="207" count="87" type="stmt"/>
      <line num="215" count="31" type="cond" truecount="1" falsecount="1"/>
      <line num="216" count="31" type="cond" truecount="1" falsecount="2"/>
      <line num="217" count="31" type="stmt"/>
      <line num="226" count="82" type="cond" truecount="1" falsecount="1"/>
      <line num="227" count="82" type="stmt"/>
      <line num="235" count="31" type="cond" truecount="1" falsecount="1"/>
      <line num="236" count="31" type="stmt"/>
      <line num="244" count="31" type="cond" truecount="1" falsecount="1"/>
      <line num="245" count="31" type="cond" truecount="1" falsecount="1"/>
      <line num="246" count="31" type="cond" truecount="1" falsecount="1"/>
      <line num="247" count="31" type="cond" truecount="1" falsecount="1"/>
      <line num="248" count="31" type="cond" truecount="1" falsecount="1"/>
      <line num="249" count="31" type="stmt"/>
      <line num="250" count="31" type="stmt"/>
      <line num="258" count="46" type="cond" truecount="1" falsecount="1"/>
      <line num="259" count="46" type="cond" truecount="1" falsecount="1"/>
      <line num="260" count="46" type="cond" truecount="1" falsecount="1"/>
      <line num="261" count="46" type="stmt"/>
      <line num="273" count="20" type="stmt"/>
      <line num="275" count="20" type="stmt"/>
      <line num="276" count="345" type="stmt"/>
      <line num="277" count="345" type="stmt"/>
      <line num="278" count="345" type="stmt"/>
      <line num="279" count="347" type="cond" truecount="4" falsecount="0"/>
      <line num="280" count="331" type="stmt"/>
      <line num="285" count="20" type="stmt"/>
      <line num="292" count="3703" type="stmt"/>
      <line num="294" count="3703" type="cond" truecount="4" falsecount="0"/>
      <line num="295" count="1" type="stmt"/>
      <line num="298" count="3702" type="cond" truecount="5" falsecount="0"/>
      <line num="299" count="2187" type="stmt"/>
      <line num="302" count="1515" type="cond" truecount="2" falsecount="0"/>
      <line num="303" count="275" type="stmt"/>
      <line num="304" count="322" type="stmt"/>
      <line num="306" count="275" type="stmt"/>
      <line num="309" count="1240" type="cond" truecount="1" falsecount="1"/>
      <line num="310" count="1240" type="cond" truecount="2" falsecount="0"/>
      <line num="311" count="5" type="stmt"/>
      <line num="313" count="1240" type="cond" truecount="2" falsecount="0"/>
      <line num="314" count="2" type="stmt"/>
      <line num="315" count="2" type="cond" truecount="4" falsecount="0"/>
      <line num="316" count="1" type="stmt"/>
      <line num="317" count="1" type="cond" truecount="1" falsecount="1"/>
      <line num="318" count="1" type="stmt"/>
      <line num="321" count="1240" type="cond" truecount="4" falsecount="0"/>
      <line num="322" count="330" type="stmt"/>
      <line num="324" count="1240" type="cond" truecount="4" falsecount="0"/>
      <line num="325" count="15" type="stmt"/>
      <line num="326" count="15" type="cond" truecount="1" falsecount="1"/>
      <line num="327" count="15" type="stmt"/>
      <line num="331" count="1240" type="stmt"/>
      <line num="332" count="3028" type="stmt"/>
      <line num="336" count="1240" type="stmt"/>
      <line num="343" count="19" type="stmt"/>
      <line num="344" count="19" type="stmt"/>
      <line num="345" count="345" type="stmt"/>
      <line num="346" count="332" type="stmt"/>
      <line num="350" count="19" type="stmt"/>
      <line num="351" count="19" type="stmt"/>
      <line num="352" count="345" type="cond" truecount="2" falsecount="0"/>
      <line num="353" count="193" type="stmt"/>
      <line num="357" count="19" type="stmt"/>
      <line num="364" count="328" type="stmt"/>
      <line num="371" count="169" type="stmt"/>
      <line num="374" count="4" type="stmt"/>
    </file>
  </project>
</coverage>
