{"/home/neo/neo-workspace/skill-factory-service/workspaces/skill-0137-a-skill-that-automatically-analyzes/skill/scripts/analyze.js": {"path":"/home/neo/neo-workspace/skill-factory-service/workspaces/skill-0137-a-skill-that-automatically-analyzes/skill/scripts/analyze.js","statementMap":{"0":{"start":{"line":3,"column":13},"end":{"line":3,"column":28}},"1":{"start":{"line":12,"column":4},"end":{"line":12,"column":22}},"2":{"start":{"line":19,"column":17},"end":{"line":19,"column":46}},"3":{"start":{"line":22,"column":19},"end":{"line":22,"column":45}},"4":{"start":{"line":25,"column":21},"end":{"line":25,"column":47}},"5":{"start":{"line":26,"column":2},"end":{"line":35,"column":3}},"6":{"start":{"line":27,"column":4},"end":{"line":34,"column":6}},"7":{"start":{"line":38,"column":23},"end":{"line":38,"column":41}},"8":{"start":{"line":39,"column":22},"end":{"line":39,"column":39}},"9":{"start":{"line":40,"column":27},"end":{"line":40,"column":91}},"10":{"start":{"line":42,"column":20},"end":{"line":42,"column":38}},"11":{"start":{"line":43,"column":24},"end":{"line":43,"column":46}},"12":{"start":{"line":46,"column":19},"end":{"line":46,"column":50}},"13":{"start":{"line":47,"column":23},"end":{"line":47,"column":69}},"14":{"start":{"line":50,"column":28},"end":{"line":50,"column":30}},"15":{"start":{"line":51,"column":26},"end":{"line":51,"column":28}},"16":{"start":{"line":52,"column":25},"end":{"line":52,"column":26}},"17":{"start":{"line":53,"column":30},"end":{"line":53,"column":31}},"18":{"start":{"line":55,"column":2},"end":{"line":94,"column":3}},"19":{"start":{"line":56,"column":25},"end":{"line":56,"column":38}},"20":{"start":{"line":57,"column":23},"end":{"line":57,"column":48}},"21":{"start":{"line":60,"column":17},"end":{"line":60,"column":72}},"22":{"start":{"line":61,"column":25},"end":{"line":65,"column":5}},"23":{"start":{"line":66,"column":4},"end":{"line":66,"column":45}},"24":{"start":{"line":68,"column":21},"end":{"line":76,"column":5}},"25":{"start":{"line":79,"column":25},"end":{"line":79,"column":107}},"26":{"start":{"line":80,"column":33},"end":{"line":80,"column":109}},"27":{"start":{"line":81,"column":28},"end":{"line":81,"column":87}},"28":{"start":{"line":83,"column":4},"end":{"line":91,"column":5}},"29":{"start":{"line":84,"column":6},"end":{"line":84,"column":36}},"30":{"start":{"line":85,"column":6},"end":{"line":85,"column":61}},"31":{"start":{"line":86,"column":6},"end":{"line":90,"column":9}},"32":{"start":{"line":93,"column":4},"end":{"line":93,"column":37}},"33":{"start":{"line":97,"column":2},"end":{"line":97,"column":88}},"34":{"start":{"line":97,"column":33},"end":{"line":97,"column":86}},"35":{"start":{"line":99,"column":2},"end":{"line":119,"column":4}},"36":{"start":{"line":126,"column":19},"end":{"line":126,"column":21}},"37":{"start":{"line":127,"column":15},"end":{"line":127,"column":28}},"38":{"start":{"line":130,"column":2},"end":{"line":143,"column":3}},"39":{"start":{"line":131,"column":25},"end":{"line":131,"column":92}},"40":{"start":{"line":131,"column":72},"end":{"line":131,"column":91}},"41":{"start":{"line":132,"column":4},"end":{"line":142,"column":5}},"42":{"start":{"line":133,"column":19},"end":{"line":133,"column":66}},"43":{"start":{"line":134,"column":6},"end":{"line":141,"column":9}},"44":{"start":{"line":146,"column":2},"end":{"line":160,"column":3}},"45":{"start":{"line":147,"column":26},"end":{"line":147,"column":83}},"46":{"start":{"line":147,"column":63},"end":{"line":147,"column":82}},"47":{"start":{"line":148,"column":31},"end":{"line":148,"column":52}},"48":{"start":{"line":149,"column":4},"end":{"line":159,"column":5}},"49":{"start":{"line":150,"column":19},"end":{"line":150,"column":66}},"50":{"start":{"line":151,"column":6},"end":{"line":158,"column":9}},"51":{"start":{"line":163,"column":2},"end":{"line":176,"column":3}},"52":{"start":{"line":164,"column":27},"end":{"line":164,"column":84}},"53":{"start":{"line":164,"column":64},"end":{"line":164,"column":83}},"54":{"start":{"line":165,"column":4},"end":{"line":175,"column":5}},"55":{"start":{"line":166,"column":19},"end":{"line":166,"column":66}},"56":{"start":{"line":167,"column":6},"end":{"line":174,"column":9}},"57":{"start":{"line":179,"column":2},"end":{"line":189,"column":3}},"58":{"start":{"line":180,"column":17},"end":{"line":180,"column":64}},"59":{"start":{"line":181,"column":4},"end":{"line":188,"column":7}},"60":{"start":{"line":191,"column":2},"end":{"line":191,"column":18}},"61":{"start":{"line":198,"column":19},"end":{"line":198,"column":21}},"62":{"start":{"line":199,"column":15},"end":{"line":199,"column":28}},"63":{"start":{"line":200,"column":22},"end":{"line":200,"column":54}},"64":{"start":{"line":201,"column":2},"end":{"line":201,"column":36}},"65":{"start":{"line":201,"column":20},"end":{"line":201,"column":36}},"66":{"start":{"line":204,"column":2},"end":{"line":243,"column":3}},"67":{"start":{"line":205,"column":25},"end":{"line":205,"column":62}},"68":{"start":{"line":206,"column":24},"end":{"line":206,"column":53}},"69":{"start":{"line":209,"column":4},"end":{"line":227,"column":5}},"70":{"start":{"line":210,"column":26},"end":{"line":210,"column":73}},"71":{"start":{"line":211,"column":26},"end":{"line":211,"column":51}},"72":{"start":{"line":212,"column":26},"end":{"line":212,"column":107}},"73":{"start":{"line":213,"column":22},"end":{"line":213,"column":63}},"74":{"start":{"line":215,"column":6},"end":{"line":226,"column":7}},"75":{"start":{"line":216,"column":8},"end":{"line":225,"column":11}},"76":{"start":{"line":230,"column":4},"end":{"line":242,"column":5}},"77":{"start":{"line":231,"column":26},"end":{"line":231,"column":73}},"78":{"start":{"line":232,"column":6},"end":{"line":241,"column":9}},"79":{"start":{"line":246,"column":2},"end":{"line":286,"column":3}},"80":{"start":{"line":247,"column":26},"end":{"line":247,"column":69}},"81":{"start":{"line":248,"column":24},"end":{"line":248,"column":53}},"82":{"start":{"line":250,"column":4},"end":{"line":268,"column":5}},"83":{"start":{"line":251,"column":26},"end":{"line":251,"column":73}},"84":{"start":{"line":252,"column":27},"end":{"line":252,"column":53}},"85":{"start":{"line":253,"column":26},"end":{"line":253,"column":111}},"86":{"start":{"line":254,"column":22},"end":{"line":254,"column":63}},"87":{"start":{"line":256,"column":6},"end":{"line":267,"column":7}},"88":{"start":{"line":257,"column":8},"end":{"line":266,"column":11}},"89":{"start":{"line":271,"column":4},"end":{"line":285,"column":5}},"90":{"start":{"line":272,"column":21},"end":{"line":272,"column":112}},"91":{"start":{"line":273,"column":26},"end":{"line":273,"column":73}},"92":{"start":{"line":274,"column":22},"end":{"line":274,"column":58}},"93":{"start":{"line":275,"column":6},"end":{"line":284,"column":7}},"94":{"start":{"line":276,"column":8},"end":{"line":283,"column":11}},"95":{"start":{"line":289,"column":2},"end":{"line":308,"column":3}},"96":{"start":{"line":290,"column":23},"end":{"line":290,"column":61}},"97":{"start":{"line":291,"column":16},"end":{"line":291,"column":49}},"98":{"start":{"line":292,"column":16},"end":{"line":292,"column":50}},"99":{"start":{"line":294,"column":4},"end":{"line":307,"column":5}},"100":{"start":{"line":295,"column":26},"end":{"line":295,"column":73}},"101":{"start":{"line":296,"column":31},"end":{"line":296,"column":56}},"102":{"start":{"line":297,"column":22},"end":{"line":297,"column":60}},"103":{"start":{"line":299,"column":6},"end":{"line":306,"column":9}},"104":{"start":{"line":311,"column":2},"end":{"line":334,"column":3}},"105":{"start":{"line":312,"column":21},"end":{"line":312,"column":65}},"106":{"start":{"line":313,"column":24},"end":{"line":313,"column":53}},"107":{"start":{"line":315,"column":4},"end":{"line":333,"column":5}},"108":{"start":{"line":316,"column":26},"end":{"line":316,"column":73}},"109":{"start":{"line":317,"column":26},"end":{"line":317,"column":47}},"110":{"start":{"line":318,"column":26},"end":{"line":318,"column":108}},"111":{"start":{"line":319,"column":22},"end":{"line":319,"column":63}},"112":{"start":{"line":321,"column":6},"end":{"line":332,"column":7}},"113":{"start":{"line":322,"column":8},"end":{"line":331,"column":11}},"114":{"start":{"line":336,"column":2},"end":{"line":336,"column":18}},"115":{"start":{"line":343,"column":19},"end":{"line":343,"column":21}},"116":{"start":{"line":344,"column":15},"end":{"line":344,"column":28}},"117":{"start":{"line":347,"column":2},"end":{"line":363,"column":3}},"118":{"start":{"line":348,"column":17},"end":{"line":348,"column":37}},"119":{"start":{"line":349,"column":23},"end":{"line":349,"column":34}},"120":{"start":{"line":350,"column":23},"end":{"line":350,"column":34}},"121":{"start":{"line":351,"column":20},"end":{"line":351,"column":43}},"122":{"start":{"line":353,"column":4},"end":{"line":362,"column":5}},"123":{"start":{"line":354,"column":6},"end":{"line":361,"column":9}},"124":{"start":{"line":366,"column":2},"end":{"line":383,"column":3}},"125":{"start":{"line":367,"column":17},"end":{"line":367,"column":37}},"126":{"start":{"line":368,"column":17},"end":{"line":368,"column":37}},"127":{"start":{"line":369,"column":24},"end":{"line":369,"column":71}},"128":{"start":{"line":370,"column":20},"end":{"line":370,"column":110}},"129":{"start":{"line":371,"column":20},"end":{"line":371,"column":57}},"130":{"start":{"line":373,"column":4},"end":{"line":382,"column":5}},"131":{"start":{"line":374,"column":6},"end":{"line":381,"column":9}},"132":{"start":{"line":385,"column":2},"end":{"line":385,"column":18}},"133":{"start":{"line":392,"column":21},"end":{"line":392,"column":23}},"134":{"start":{"line":393,"column":2},"end":{"line":400,"column":3}},"135":{"start":{"line":394,"column":16},"end":{"line":394,"column":39}},"136":{"start":{"line":395,"column":4},"end":{"line":397,"column":5}},"137":{"start":{"line":396,"column":6},"end":{"line":396,"column":54}},"138":{"start":{"line":398,"column":4},"end":{"line":398,"column":28}},"139":{"start":{"line":399,"column":4},"end":{"line":399,"column":62}},"140":{"start":{"line":401,"column":2},"end":{"line":401,"column":20}},"141":{"start":{"line":408,"column":17},"end":{"line":408,"column":19}},"142":{"start":{"line":409,"column":2},"end":{"line":412,"column":3}},"143":{"start":{"line":410,"column":17},"end":{"line":410,"column":43}},"144":{"start":{"line":411,"column":4},"end":{"line":411,"column":43}},"145":{"start":{"line":413,"column":2},"end":{"line":413,"column":16}},"146":{"start":{"line":417,"column":2},"end":{"line":417,"column":33}},"147":{"start":{"line":420,"column":0},"end":{"line":427,"column":2}}},"fnMap":{"0":{"name":"analyzeTemplate","decl":{"start":{"line":18,"column":9},"end":{"line":18,"column":24}},"loc":{"start":{"line":18,"column":53},"end":{"line":120,"column":1}},"line":18},"1":{"name":"(anonymous_1)","decl":{"start":{"line":97,"column":23},"end":{"line":97,"column":24}},"loc":{"start":{"line":97,"column":33},"end":{"line":97,"column":86}},"line":97},"2":{"name":"checkIdleResource","decl":{"start":{"line":125,"column":9},"end":{"line":125,"column":26}},"loc":{"start":{"line":125,"column":92},"end":{"line":192,"column":1}},"line":125},"3":{"name":"(anonymous_3)","decl":{"start":{"line":131,"column":57},"end":{"line":131,"column":58}},"loc":{"start":{"line":131,"column":72},"end":{"line":131,"column":91}},"line":131},"4":{"name":"(anonymous_4)","decl":{"start":{"line":147,"column":55},"end":{"line":147,"column":56}},"loc":{"start":{"line":147,"column":63},"end":{"line":147,"column":82}},"line":147},"5":{"name":"(anonymous_5)","decl":{"start":{"line":164,"column":56},"end":{"line":164,"column":57}},"loc":{"start":{"line":164,"column":64},"end":{"line":164,"column":83}},"line":164},"6":{"name":"checkOverProvisioning","decl":{"start":{"line":197,"column":9},"end":{"line":197,"column":30}},"loc":{"start":{"line":197,"column":86},"end":{"line":337,"column":1}},"line":197},"7":{"name":"checkAntiPatterns","decl":{"start":{"line":342,"column":9},"end":{"line":342,"column":26}},"loc":{"start":{"line":342,"column":69},"end":{"line":386,"column":1}},"line":342},"8":{"name":"categorizeIssues","decl":{"start":{"line":391,"column":9},"end":{"line":391,"column":25}},"loc":{"start":{"line":391,"column":43},"end":{"line":402,"column":1}},"line":391},"9":{"name":"countResourceTypes","decl":{"start":{"line":407,"column":9},"end":{"line":407,"column":27}},"loc":{"start":{"line":407,"column":39},"end":{"line":414,"column":1}},"line":407},"10":{"name":"formatMoney","decl":{"start":{"line":416,"column":9},"end":{"line":416,"column":20}},"loc":{"start":{"line":416,"column":29},"end":{"line":418,"column":1}},"line":416}},"branchMap":{"0":{"loc":{"start":{"line":18,"column":39},"end":{"line":18,"column":51}},"type":"default-arg","locations":[{"start":{"line":18,"column":49},"end":{"line":18,"column":51}}],"line":18},"1":{"loc":{"start":{"line":19,"column":17},"end":{"line":19,"column":46}},"type":"binary-expr","locations":[{"start":{"line":19,"column":17},"end":{"line":19,"column":31}},{"start":{"line":19,"column":35},"end":{"line":19,"column":46}}],"line":19},"2":{"loc":{"start":{"line":26,"column":2},"end":{"line":35,"column":3}},"type":"if","locations":[{"start":{"line":26,"column":2},"end":{"line":35,"column":3}},{"start":{},"end":{}}],"line":26},"3":{"loc":{"start":{"line":40,"column":28},"end":{"line":40,"column":79}},"type":"binary-expr","locations":[{"start":{"line":40,"column":28},"end":{"line":40,"column":56}},{"start":{"line":40,"column":60},"end":{"line":40,"column":79}}],"line":40},"4":{"loc":{"start":{"line":57,"column":23},"end":{"line":57,"column":48}},"type":"binary-expr","locations":[{"start":{"line":57,"column":23},"end":{"line":57,"column":42}},{"start":{"line":57,"column":46},"end":{"line":57,"column":48}}],"line":57},"5":{"loc":{"start":{"line":75,"column":17},"end":{"line":75,"column":37}},"type":"binary-expr","locations":[{"start":{"line":75,"column":17},"end":{"line":75,"column":31}},{"start":{"line":75,"column":35},"end":{"line":75,"column":37}}],"line":75},"6":{"loc":{"start":{"line":85,"column":31},"end":{"line":85,"column":60}},"type":"binary-expr","locations":[{"start":{"line":85,"column":31},"end":{"line":85,"column":55}},{"start":{"line":85,"column":59},"end":{"line":85,"column":60}}],"line":85},"7":{"loc":{"start":{"line":97,"column":34},"end":{"line":97,"column":57}},"type":"binary-expr","locations":[{"start":{"line":97,"column":34},"end":{"line":97,"column":52}},{"start":{"line":97,"column":56},"end":{"line":97,"column":57}}],"line":97},"8":{"loc":{"start":{"line":97,"column":62},"end":{"line":97,"column":85}},"type":"binary-expr","locations":[{"start":{"line":97,"column":62},"end":{"line":97,"column":80}},{"start":{"line":97,"column":84},"end":{"line":97,"column":85}}],"line":97},"9":{"loc":{"start":{"line":103,"column":25},"end":{"line":103,"column":65}},"type":"binary-expr","locations":[{"start":{"line":103,"column":25},"end":{"line":103,"column":45}},{"start":{"line":103,"column":49},"end":{"line":103,"column":65}}],"line":103},"10":{"loc":{"start":{"line":113,"column":25},"end":{"line":115,"column":11}},"type":"cond-expr","locations":[{"start":{"line":114,"column":11},"end":{"line":114,"column":59}},{"start":{"line":115,"column":10},"end":{"line":115,"column":11}}],"line":113},"11":{"loc":{"start":{"line":130,"column":2},"end":{"line":143,"column":3}},"type":"if","locations":[{"start":{"line":130,"column":2},"end":{"line":143,"column":3}},{"start":{},"end":{}}],"line":130},"12":{"loc":{"start":{"line":132,"column":4},"end":{"line":142,"column":5}},"type":"if","locations":[{"start":{"line":132,"column":4},"end":{"line":142,"column":5}},{"start":{},"end":{}}],"line":132},"13":{"loc":{"start":{"line":146,"column":2},"end":{"line":160,"column":3}},"type":"if","locations":[{"start":{"line":146,"column":2},"end":{"line":160,"column":3}},{"start":{},"end":{}}],"line":146},"14":{"loc":{"start":{"line":149,"column":4},"end":{"line":159,"column":5}},"type":"if","locations":[{"start":{"line":149,"column":4},"end":{"line":159,"column":5}},{"start":{},"end":{}}],"line":149},"15":{"loc":{"start":{"line":149,"column":8},"end":{"line":149,"column":45}},"type":"binary-expr","locations":[{"start":{"line":149,"column":8},"end":{"line":149,"column":27}},{"start":{"line":149,"column":31},"end":{"line":149,"column":45}}],"line":149},"16":{"loc":{"start":{"line":163,"column":2},"end":{"line":176,"column":3}},"type":"if","locations":[{"start":{"line":163,"column":2},"end":{"line":176,"column":3}},{"start":{},"end":{}}],"line":163},"17":{"loc":{"start":{"line":165,"column":4},"end":{"line":175,"column":5}},"type":"if","locations":[{"start":{"line":165,"column":4},"end":{"line":175,"column":5}},{"start":{},"end":{}}],"line":165},"18":{"loc":{"start":{"line":179,"column":2},"end":{"line":189,"column":3}},"type":"if","locations":[{"start":{"line":179,"column":2},"end":{"line":189,"column":3}},{"start":{},"end":{}}],"line":179},"19":{"loc":{"start":{"line":201,"column":2},"end":{"line":201,"column":36}},"type":"if","locations":[{"start":{"line":201,"column":2},"end":{"line":201,"column":36}},{"start":{},"end":{}}],"line":201},"20":{"loc":{"start":{"line":204,"column":2},"end":{"line":243,"column":3}},"type":"if","locations":[{"start":{"line":204,"column":2},"end":{"line":243,"column":3}},{"start":{},"end":{}}],"line":204},"21":{"loc":{"start":{"line":205,"column":25},"end":{"line":205,"column":62}},"type":"binary-expr","locations":[{"start":{"line":205,"column":25},"end":{"line":205,"column":48}},{"start":{"line":205,"column":52},"end":{"line":205,"column":62}}],"line":205},"22":{"loc":{"start":{"line":206,"column":24},"end":{"line":206,"column":53}},"type":"binary-expr","locations":[{"start":{"line":206,"column":24},"end":{"line":206,"column":47}},{"start":{"line":206,"column":51},"end":{"line":206,"column":53}}],"line":206},"23":{"loc":{"start":{"line":209,"column":4},"end":{"line":227,"column":5}},"type":"if","locations":[{"start":{"line":209,"column":4},"end":{"line":227,"column":5}},{"start":{},"end":{}}],"line":209},"24":{"loc":{"start":{"line":215,"column":6},"end":{"line":226,"column":7}},"type":"if","locations":[{"start":{"line":215,"column":6},"end":{"line":226,"column":7}},{"start":{},"end":{}}],"line":215},"25":{"loc":{"start":{"line":218,"column":20},"end":{"line":218,"column":71}},"type":"cond-expr","locations":[{"start":{"line":218,"column":54},"end":{"line":218,"column":60}},{"start":{"line":218,"column":63},"end":{"line":218,"column":71}}],"line":218},"26":{"loc":{"start":{"line":230,"column":4},"end":{"line":242,"column":5}},"type":"if","locations":[{"start":{"line":230,"column":4},"end":{"line":242,"column":5}},{"start":{},"end":{}}],"line":230},"27":{"loc":{"start":{"line":230,"column":8},"end":{"line":230,"column":103}},"type":"binary-expr","locations":[{"start":{"line":230,"column":8},"end":{"line":230,"column":37}},{"start":{"line":230,"column":41},"end":{"line":230,"column":70}},{"start":{"line":230,"column":74},"end":{"line":230,"column":103}}],"line":230},"28":{"loc":{"start":{"line":246,"column":2},"end":{"line":286,"column":3}},"type":"if","locations":[{"start":{"line":246,"column":2},"end":{"line":286,"column":3}},{"start":{},"end":{}}],"line":246},"29":{"loc":{"start":{"line":247,"column":26},"end":{"line":247,"column":69}},"type":"binary-expr","locations":[{"start":{"line":247,"column":26},"end":{"line":247,"column":52}},{"start":{"line":247,"column":56},"end":{"line":247,"column":69}}],"line":247},"30":{"loc":{"start":{"line":248,"column":24},"end":{"line":248,"column":53}},"type":"binary-expr","locations":[{"start":{"line":248,"column":24},"end":{"line":248,"column":47}},{"start":{"line":248,"column":51},"end":{"line":248,"column":53}}],"line":248},"31":{"loc":{"start":{"line":250,"column":4},"end":{"line":268,"column":5}},"type":"if","locations":[{"start":{"line":250,"column":4},"end":{"line":268,"column":5}},{"start":{},"end":{}}],"line":250},"32":{"loc":{"start":{"line":256,"column":6},"end":{"line":267,"column":7}},"type":"if","locations":[{"start":{"line":256,"column":6},"end":{"line":267,"column":7}},{"start":{},"end":{}}],"line":256},"33":{"loc":{"start":{"line":271,"column":4},"end":{"line":285,"column":5}},"type":"if","locations":[{"start":{"line":271,"column":4},"end":{"line":285,"column":5}},{"start":{},"end":{}}],"line":271},"34":{"loc":{"start":{"line":271,"column":8},"end":{"line":271,"column":59}},"type":"binary-expr","locations":[{"start":{"line":271,"column":8},"end":{"line":271,"column":40}},{"start":{"line":271,"column":44},"end":{"line":271,"column":59}}],"line":271},"35":{"loc":{"start":{"line":275,"column":6},"end":{"line":284,"column":7}},"type":"if","locations":[{"start":{"line":275,"column":6},"end":{"line":284,"column":7}},{"start":{},"end":{}}],"line":275},"36":{"loc":{"start":{"line":289,"column":2},"end":{"line":308,"column":3}},"type":"if","locations":[{"start":{"line":289,"column":2},"end":{"line":308,"column":3}},{"start":{},"end":{}}],"line":289},"37":{"loc":{"start":{"line":290,"column":23},"end":{"line":290,"column":61}},"type":"binary-expr","locations":[{"start":{"line":290,"column":23},"end":{"line":290,"column":55}},{"start":{"line":290,"column":59},"end":{"line":290,"column":61}}],"line":290},"38":{"loc":{"start":{"line":291,"column":16},"end":{"line":291,"column":49}},"type":"binary-expr","locations":[{"start":{"line":291,"column":16},"end":{"line":291,"column":44}},{"start":{"line":291,"column":48},"end":{"line":291,"column":49}}],"line":291},"39":{"loc":{"start":{"line":292,"column":16},"end":{"line":292,"column":50}},"type":"binary-expr","locations":[{"start":{"line":292,"column":16},"end":{"line":292,"column":45}},{"start":{"line":292,"column":49},"end":{"line":292,"column":50}}],"line":292},"40":{"loc":{"start":{"line":294,"column":4},"end":{"line":307,"column":5}},"type":"if","locations":[{"start":{"line":294,"column":4},"end":{"line":307,"column":5}},{"start":{},"end":{}}],"line":294},"41":{"loc":{"start":{"line":294,"column":8},"end":{"line":294,"column":30}},"type":"binary-expr","locations":[{"start":{"line":294,"column":8},"end":{"line":294,"column":17}},{"start":{"line":294,"column":21},"end":{"line":294,"column":30}}],"line":294},"42":{"loc":{"start":{"line":311,"column":2},"end":{"line":334,"column":3}},"type":"if","locations":[{"start":{"line":311,"column":2},"end":{"line":334,"column":3}},{"start":{},"end":{}}],"line":311},"43":{"loc":{"start":{"line":312,"column":21},"end":{"line":312,"column":65}},"type":"binary-expr","locations":[{"start":{"line":312,"column":21},"end":{"line":312,"column":45}},{"start":{"line":312,"column":49},"end":{"line":312,"column":65}}],"line":312},"44":{"loc":{"start":{"line":313,"column":24},"end":{"line":313,"column":53}},"type":"binary-expr","locations":[{"start":{"line":313,"column":24},"end":{"line":313,"column":47}},{"start":{"line":313,"column":51},"end":{"line":313,"column":53}}],"line":313},"45":{"loc":{"start":{"line":315,"column":4},"end":{"line":333,"column":5}},"type":"if","locations":[{"start":{"line":315,"column":4},"end":{"line":333,"column":5}},{"start":{},"end":{}}],"line":315},"46":{"loc":{"start":{"line":321,"column":6},"end":{"line":332,"column":7}},"type":"if","locations":[{"start":{"line":321,"column":6},"end":{"line":332,"column":7}},{"start":{},"end":{}}],"line":321},"47":{"loc":{"start":{"line":347,"column":2},"end":{"line":363,"column":3}},"type":"if","locations":[{"start":{"line":347,"column":2},"end":{"line":363,"column":3}},{"start":{},"end":{}}],"line":347},"48":{"loc":{"start":{"line":347,"column":6},"end":{"line":347,"column":68}},"type":"binary-expr","locations":[{"start":{"line":347,"column":6},"end":{"line":347,"column":33}},{"start":{"line":347,"column":37},"end":{"line":347,"column":68}}],"line":347},"49":{"loc":{"start":{"line":348,"column":17},"end":{"line":348,"column":37}},"type":"binary-expr","locations":[{"start":{"line":348,"column":17},"end":{"line":348,"column":32}},{"start":{"line":348,"column":36},"end":{"line":348,"column":37}}],"line":348},"50":{"loc":{"start":{"line":353,"column":4},"end":{"line":362,"column":5}},"type":"if","locations":[{"start":{"line":353,"column":4},"end":{"line":362,"column":5}},{"start":{},"end":{}}],"line":353},"51":{"loc":{"start":{"line":366,"column":2},"end":{"line":383,"column":3}},"type":"if","locations":[{"start":{"line":366,"column":2},"end":{"line":383,"column":3}},{"start":{},"end":{}}],"line":366},"52":{"loc":{"start":{"line":366,"column":6},"end":{"line":366,"column":105}},"type":"binary-expr","locations":[{"start":{"line":366,"column":6},"end":{"line":366,"column":33}},{"start":{"line":366,"column":38},"end":{"line":366,"column":69}},{"start":{"line":366,"column":73},"end":{"line":366,"column":104}}],"line":366},"53":{"loc":{"start":{"line":367,"column":17},"end":{"line":367,"column":37}},"type":"binary-expr","locations":[{"start":{"line":367,"column":17},"end":{"line":367,"column":32}},{"start":{"line":367,"column":36},"end":{"line":367,"column":37}}],"line":367},"54":{"loc":{"start":{"line":368,"column":17},"end":{"line":368,"column":37}},"type":"binary-expr","locations":[{"start":{"line":368,"column":17},"end":{"line":368,"column":32}},{"start":{"line":368,"column":36},"end":{"line":368,"column":37}}],"line":368},"55":{"loc":{"start":{"line":373,"column":4},"end":{"line":382,"column":5}},"type":"if","locations":[{"start":{"line":373,"column":4},"end":{"line":382,"column":5}},{"start":{},"end":{}}],"line":373},"56":{"loc":{"start":{"line":394,"column":16},"end":{"line":394,"column":39}},"type":"binary-expr","locations":[{"start":{"line":394,"column":16},"end":{"line":394,"column":28}},{"start":{"line":394,"column":32},"end":{"line":394,"column":39}}],"line":394},"57":{"loc":{"start":{"line":395,"column":4},"end":{"line":397,"column":5}},"type":"if","locations":[{"start":{"line":395,"column":4},"end":{"line":397,"column":5}},{"start":{},"end":{}}],"line":395},"58":{"loc":{"start":{"line":399,"column":36},"end":{"line":399,"column":61}},"type":"binary-expr","locations":[{"start":{"line":399,"column":36},"end":{"line":399,"column":56}},{"start":{"line":399,"column":60},"end":{"line":399,"column":61}}],"line":399},"59":{"loc":{"start":{"line":410,"column":17},"end":{"line":410,"column":43}},"type":"binary-expr","locations":[{"start":{"line":410,"column":17},"end":{"line":410,"column":30}},{"start":{"line":410,"column":34},"end":{"line":410,"column":43}}],"line":410},"60":{"loc":{"start":{"line":411,"column":20},"end":{"line":411,"column":37}},"type":"binary-expr","locations":[{"start":{"line":411,"column":20},"end":{"line":411,"column":32}},{"start":{"line":411,"column":36},"end":{"line":411,"column":37}}],"line":411}},"s":{"0":3,"1":3,"2":20,"3":20,"4":18,"5":18,"6":0,"7":18,"8":18,"9":18,"10":18,"11":18,"12":18,"13":18,"14":18,"15":18,"16":18,"17":18,"18":18,"19":342,"20":342,"21":342,"22":342,"23":342,"24":342,"25":342,"26":342,"27":342,"28":342,"29":240,"30":240,"31":240,"32":342,"33":18,"34":591,"35":18,"36":342,"37":342,"38":342,"39":33,"40":672,"41":33,"42":33,"43":33,"44":342,"45":48,"46":822,"47":48,"48":48,"49":33,"50":33,"51":342,"52":15,"53":330,"54":15,"55":15,"56":15,"57":342,"58":15,"59":15,"60":342,"61":342,"62":342,"63":342,"64":342,"65":30,"66":312,"67":48,"68":48,"69":48,"70":33,"71":33,"72":33,"73":33,"74":33,"75":33,"76":48,"77":15,"78":15,"79":312,"80":18,"81":18,"82":18,"83":18,"84":18,"85":18,"86":18,"87":18,"88":18,"89":18,"90":15,"91":15,"92":15,"93":15,"94":15,"95":312,"96":15,"97":15,"98":15,"99":15,"100":15,"101":15,"102":15,"103":15,"104":312,"105":15,"106":15,"107":15,"108":15,"109":15,"110":15,"111":15,"112":15,"113":15,"114":312,"115":342,"116":342,"117":342,"118":15,"119":15,"120":15,"121":15,"122":15,"123":15,"124":342,"125":18,"126":18,"127":18,"128":18,"129":18,"130":18,"131":18,"132":342,"133":18,"134":18,"135":240,"136":240,"137":54,"138":240,"139":240,"140":18,"141":18,"142":18,"143":342,"144":342,"145":18,"146":129,"147":3},"f":{"0":20,"1":591,"2":342,"3":672,"4":822,"5":330,"6":342,"7":342,"8":18,"9":18,"10":129},"b":{"0":[14],"1":[20,14],"2":[0,18],"3":[18,0],"4":[342,0],"5":[342,0],"6":[240,0],"7":[591,0],"8":[591,0],"9":[18,0],"10":[18,0],"11":[33,309],"12":[33,0],"13":[48,294],"14":[33,15],"15":[48,48],"16":[15,327],"17":[15,0],"18":[15,327],"19":[30,312],"20":[48,264],"21":[48,0],"22":[48,0],"23":[33,15],"24":[33,0],"25":[33,0],"26":[15,33],"27":[48,33,33],"28":[18,294],"29":[18,0],"30":[18,0],"31":[18,0],"32":[18,0],"33":[15,3],"34":[18,15],"35":[15,0],"36":[15,297],"37":[15,0],"38":[15,0],"39":[15,0],"40":[15,0],"41":[15,0],"42":[15,297],"43":[15,0],"44":[15,0],"45":[15,0],"46":[15,0],"47":[15,327],"48":[342,33],"49":[15,0],"50":[15,0],"51":[18,324],"52":[342,33,15],"53":[18,0],"54":[18,0],"55":[18,0],"56":[240,0],"57":[54,186],"58":[240,0],"59":[342,0],"60":[342,207]},"_coverageSchema":"1a1c01bbd47fc00a2c39e90264f33305004495a9","hash":"c3095ee67ac688122f6dc41ac985174ed0a0b7c2"}
,"/home/neo/neo-workspace/skill-factory-service/workspaces/skill-0137-a-skill-that-automatically-analyzes/skill/scripts/cli.js": {"path":"/home/neo/neo-workspace/skill-factory-service/workspaces/skill-0137-a-skill-that-automatically-analyzes/skill/scripts/cli.js","statementMap":{"0":{"start":{"line":3,"column":13},"end":{"line":3,"column":28}},"1":{"start":{"line":4,"column":28},"end":{"line":4,"column":48}},"2":{"start":{"line":5,"column":27},"end":{"line":5,"column":48}},"3":{"start":{"line":7,"column":16},"end":{"line":7,"column":23}},"4":{"start":{"line":8,"column":19},"end":{"line":8,"column":39}},"5":{"start":{"line":11,"column":15},"end":{"line":34,"column":1}},"6":{"start":{"line":35,"column":2},"end":{"line":35,"column":27}},"7":{"start":{"line":39,"column":2},"end":{"line":39,"column":43}},"8":{"start":{"line":43,"column":15},"end":{"line":51,"column":3}},"9":{"start":{"line":53,"column":18},"end":{"line":53,"column":31}},"10":{"start":{"line":54,"column":10},"end":{"line":54,"column":11}},"11":{"start":{"line":56,"column":2},"end":{"line":81,"column":3}},"12":{"start":{"line":57,"column":16},"end":{"line":57,"column":26}},"13":{"start":{"line":59,"column":4},"end":{"line":78,"column":5}},"14":{"start":{"line":60,"column":6},"end":{"line":60,"column":23}},"15":{"start":{"line":61,"column":11},"end":{"line":78,"column":5}},"16":{"start":{"line":62,"column":6},"end":{"line":62,"column":26}},"17":{"start":{"line":63,"column":11},"end":{"line":78,"column":5}},"18":{"start":{"line":64,"column":6},"end":{"line":64,"column":10}},"19":{"start":{"line":65,"column":6},"end":{"line":65,"column":31}},"20":{"start":{"line":66,"column":11},"end":{"line":78,"column":5}},"21":{"start":{"line":67,"column":6},"end":{"line":67,"column":10}},"22":{"start":{"line":68,"column":6},"end":{"line":68,"column":31}},"23":{"start":{"line":69,"column":11},"end":{"line":78,"column":5}},"24":{"start":{"line":70,"column":6},"end":{"line":70,"column":10}},"25":{"start":{"line":71,"column":6},"end":{"line":71,"column":31}},"26":{"start":{"line":72,"column":11},"end":{"line":78,"column":5}},"27":{"start":{"line":73,"column":6},"end":{"line":77,"column":7}},"28":{"start":{"line":74,"column":8},"end":{"line":74,"column":27}},"29":{"start":{"line":75,"column":13},"end":{"line":77,"column":7}},"30":{"start":{"line":76,"column":8},"end":{"line":76,"column":32}},"31":{"start":{"line":80,"column":4},"end":{"line":80,"column":8}},"32":{"start":{"line":83,"column":2},"end":{"line":83,"column":14}},"33":{"start":{"line":87,"column":15},"end":{"line":87,"column":46}},"34":{"start":{"line":89,"column":2},"end":{"line":92,"column":3}},"35":{"start":{"line":90,"column":4},"end":{"line":90,"column":16}},"36":{"start":{"line":91,"column":4},"end":{"line":91,"column":13}},"37":{"start":{"line":94,"column":2},"end":{"line":97,"column":3}},"38":{"start":{"line":95,"column":4},"end":{"line":95,"column":19}},"39":{"start":{"line":96,"column":4},"end":{"line":96,"column":13}},"40":{"start":{"line":99,"column":2},"end":{"line":102,"column":3}},"41":{"start":{"line":100,"column":4},"end":{"line":100,"column":84}},"42":{"start":{"line":101,"column":4},"end":{"line":101,"column":13}},"43":{"start":{"line":104,"column":2},"end":{"line":107,"column":3}},"44":{"start":{"line":105,"column":4},"end":{"line":105,"column":97}},"45":{"start":{"line":106,"column":4},"end":{"line":106,"column":13}},"46":{"start":{"line":109,"column":2},"end":{"line":112,"column":3}},"47":{"start":{"line":110,"column":4},"end":{"line":110,"column":100}},"48":{"start":{"line":111,"column":4},"end":{"line":111,"column":13}},"49":{"start":{"line":115,"column":23},"end":{"line":115,"column":47}},"50":{"start":{"line":116,"column":2},"end":{"line":119,"column":3}},"51":{"start":{"line":117,"column":4},"end":{"line":117,"column":103}},"52":{"start":{"line":118,"column":4},"end":{"line":118,"column":13}},"53":{"start":{"line":121,"column":2},"end":{"line":144,"column":3}},"54":{"start":{"line":122,"column":20},"end":{"line":124,"column":6}},"55":{"start":{"line":126,"column":19},"end":{"line":126,"column":55}},"56":{"start":{"line":128,"column":4},"end":{"line":134,"column":5}},"57":{"start":{"line":129,"column":17},"end":{"line":129,"column":30}},"58":{"start":{"line":130,"column":6},"end":{"line":130,"column":52}},"59":{"start":{"line":131,"column":6},"end":{"line":131,"column":54}},"60":{"start":{"line":133,"column":6},"end":{"line":133,"column":26}},"61":{"start":{"line":136,"column":4},"end":{"line":138,"column":5}},"62":{"start":{"line":137,"column":6},"end":{"line":137,"column":15}},"63":{"start":{"line":140,"column":4},"end":{"line":140,"column":13}},"64":{"start":{"line":142,"column":4},"end":{"line":142,"column":43}},"65":{"start":{"line":143,"column":4},"end":{"line":143,"column":13}},"66":{"start":{"line":148,"column":0},"end":{"line":151,"column":1}},"67":{"start":{"line":149,"column":19},"end":{"line":149,"column":24}},"68":{"start":{"line":150,"column":2},"end":{"line":150,"column":25}},"69":{"start":{"line":153,"column":0},"end":{"line":153,"column":61}}},"fnMap":{"0":{"name":"printHelp","decl":{"start":{"line":10,"column":9},"end":{"line":10,"column":18}},"loc":{"start":{"line":10,"column":21},"end":{"line":36,"column":1}},"line":10},"1":{"name":"printVersion","decl":{"start":{"line":38,"column":9},"end":{"line":38,"column":21}},"loc":{"start":{"line":38,"column":24},"end":{"line":40,"column":1}},"line":38},"2":{"name":"parseArgs","decl":{"start":{"line":42,"column":9},"end":{"line":42,"column":18}},"loc":{"start":{"line":42,"column":25},"end":{"line":84,"column":1}},"line":42},"3":{"name":"run","decl":{"start":{"line":86,"column":9},"end":{"line":86,"column":12}},"loc":{"start":{"line":86,"column":19},"end":{"line":145,"column":1}},"line":86}},"branchMap":{"0":{"loc":{"start":{"line":59,"column":4},"end":{"line":78,"column":5}},"type":"if","locations":[{"start":{"line":59,"column":4},"end":{"line":78,"column":5}},{"start":{"line":61,"column":11},"end":{"line":78,"column":5}}],"line":59},"1":{"loc":{"start":{"line":59,"column":8},"end":{"line":59,"column":40}},"type":"binary-expr","locations":[{"start":{"line":59,"column":8},"end":{"line":59,"column":24}},{"start":{"line":59,"column":28},"end":{"line":59,"column":40}}],"line":59},"2":{"loc":{"start":{"line":61,"column":11},"end":{"line":78,"column":5}},"type":"if","locations":[{"start":{"line":61,"column":11},"end":{"line":78,"column":5}},{"start":{"line":63,"column":11},"end":{"line":78,"column":5}}],"line":61},"3":{"loc":{"start":{"line":61,"column":15},"end":{"line":61,"column":50}},"type":"binary-expr","locations":[{"start":{"line":61,"column":15},"end":{"line":61,"column":34}},{"start":{"line":61,"column":38},"end":{"line":61,"column":50}}],"line":61},"4":{"loc":{"start":{"line":63,"column":11},"end":{"line":78,"column":5}},"type":"if","locations":[{"start":{"line":63,"column":11},"end":{"line":78,"column":5}},{"start":{"line":66,"column":11},"end":{"line":78,"column":5}}],"line":63},"5":{"loc":{"start":{"line":63,"column":15},"end":{"line":63,"column":59}},"type":"binary-expr","locations":[{"start":{"line":63,"column":15},"end":{"line":63,"column":33}},{"start":{"line":63,"column":37},"end":{"line":63,"column":59}}],"line":63},"6":{"loc":{"start":{"line":66,"column":11},"end":{"line":78,"column":5}},"type":"if","locations":[{"start":{"line":66,"column":11},"end":{"line":78,"column":5}},{"start":{"line":69,"column":11},"end":{"line":78,"column":5}}],"line":66},"7":{"loc":{"start":{"line":66,"column":15},"end":{"line":66,"column":59}},"type":"binary-expr","locations":[{"start":{"line":66,"column":15},"end":{"line":66,"column":33}},{"start":{"line":66,"column":37},"end":{"line":66,"column":59}}],"line":66},"8":{"loc":{"start":{"line":69,"column":11},"end":{"line":78,"column":5}},"type":"if","locations":[{"start":{"line":69,"column":11},"end":{"line":78,"column":5}},{"start":{"line":72,"column":11},"end":{"line":78,"column":5}}],"line":69},"9":{"loc":{"start":{"line":69,"column":15},"end":{"line":69,"column":59}},"type":"binary-expr","locations":[{"start":{"line":69,"column":15},"end":{"line":69,"column":33}},{"start":{"line":69,"column":37},"end":{"line":69,"column":59}}],"line":69},"10":{"loc":{"start":{"line":72,"column":11},"end":{"line":78,"column":5}},"type":"if","locations":[{"start":{"line":72,"column":11},"end":{"line":78,"column":5}},{"start":{},"end":{}}],"line":72},"11":{"loc":{"start":{"line":73,"column":6},"end":{"line":77,"column":7}},"type":"if","locations":[{"start":{"line":73,"column":6},"end":{"line":77,"column":7}},{"start":{"line":75,"column":13},"end":{"line":77,"column":7}}],"line":73},"12":{"loc":{"start":{"line":75,"column":13},"end":{"line":77,"column":7}},"type":"if","locations":[{"start":{"line":75,"column":13},"end":{"line":77,"column":7}},{"start":{},"end":{}}],"line":75},"13":{"loc":{"start":{"line":87,"column":25},"end":{"line":87,"column":45}},"type":"binary-expr","locations":[{"start":{"line":87,"column":25},"end":{"line":87,"column":29}},{"start":{"line":87,"column":33},"end":{"line":87,"column":45}}],"line":87},"14":{"loc":{"start":{"line":89,"column":2},"end":{"line":92,"column":3}},"type":"if","locations":[{"start":{"line":89,"column":2},"end":{"line":92,"column":3}},{"start":{},"end":{}}],"line":89},"15":{"loc":{"start":{"line":94,"column":2},"end":{"line":97,"column":3}},"type":"if","locations":[{"start":{"line":94,"column":2},"end":{"line":97,"column":3}},{"start":{},"end":{}}],"line":94},"16":{"loc":{"start":{"line":99,"column":2},"end":{"line":102,"column":3}},"type":"if","locations":[{"start":{"line":99,"column":2},"end":{"line":102,"column":3}},{"start":{},"end":{}}],"line":99},"17":{"loc":{"start":{"line":104,"column":2},"end":{"line":107,"column":3}},"type":"if","locations":[{"start":{"line":104,"column":2},"end":{"line":107,"column":3}},{"start":{},"end":{}}],"line":104},"18":{"loc":{"start":{"line":109,"column":2},"end":{"line":112,"column":3}},"type":"if","locations":[{"start":{"line":109,"column":2},"end":{"line":112,"column":3}},{"start":{},"end":{}}],"line":109},"19":{"loc":{"start":{"line":116,"column":2},"end":{"line":119,"column":3}},"type":"if","locations":[{"start":{"line":116,"column":2},"end":{"line":119,"column":3}},{"start":{},"end":{}}],"line":116},"20":{"loc":{"start":{"line":128,"column":4},"end":{"line":134,"column":5}},"type":"if","locations":[{"start":{"line":128,"column":4},"end":{"line":134,"column":5}},{"start":{"line":132,"column":11},"end":{"line":134,"column":5}}],"line":128},"21":{"loc":{"start":{"line":136,"column":4},"end":{"line":138,"column":5}},"type":"if","locations":[{"start":{"line":136,"column":4},"end":{"line":138,"column":5}},{"start":{},"end":{}}],"line":136},"22":{"loc":{"start":{"line":148,"column":0},"end":{"line":151,"column":1}},"type":"if","locations":[{"start":{"line":148,"column":0},"end":{"line":151,"column":1}},{"start":{},"end":{}}],"line":148}},"s":{"0":1,"1":1,"2":1,"3":1,"4":1,"5":1,"6":1,"7":1,"8":18,"9":18,"10":18,"11":18,"12":32,"13":32,"14":3,"15":29,"16":3,"17":26,"18":4,"19":4,"20":22,"21":1,"22":1,"23":21,"24":1,"25":1,"26":20,"27":20,"28":11,"29":9,"30":9,"31":32,"32":18,"33":10,"34":10,"35":1,"36":1,"37":9,"38":1,"39":1,"40":8,"41":1,"42":1,"43":7,"44":1,"45":1,"46":6,"47":1,"48":1,"49":5,"50":5,"51":1,"52":1,"53":4,"54":4,"55":3,"56":3,"57":0,"58":0,"59":0,"60":3,"61":3,"62":0,"63":3,"64":1,"65":1,"66":1,"67":0,"68":0,"69":1},"f":{"0":1,"1":1,"2":18,"3":10},"b":{"0":[3,29],"1":[32,30],"2":[3,26],"3":[29,27],"4":[4,22],"5":[26,4],"6":[1,21],"7":[22,1],"8":[1,20],"9":[21,1],"10":[20,0],"11":[11,9],"12":[9,0],"13":[10,0],"14":[1,9],"15":[1,8],"16":[1,7],"17":[1,6],"18":[1,5],"19":[1,4],"20":[0,3],"21":[0,3],"22":[0,1]},"_coverageSchema":"1a1c01bbd47fc00a2c39e90264f33305004495a9","hash":"9e25b4ac46eac59aa08ed165f66a9b7406c8bd68"}
,"/home/neo/neo-workspace/skill-factory-service/workspaces/skill-0137-a-skill-that-automatically-analyzes/skill/scripts/reporter.js": {"path":"/home/neo/neo-workspace/skill-factory-service/workspaces/skill-0137-a-skill-that-automatically-analyzes/skill/scripts/reporter.js","statementMap":{"0":{"start":{"line":3,"column":46},"end":{"line":3,"column":64}},"1":{"start":{"line":12,"column":2},"end":{"line":20,"column":3}},"2":{"start":{"line":14,"column":6},"end":{"line":14,"column":41}},"3":{"start":{"line":16,"column":6},"end":{"line":16,"column":41}},"4":{"start":{"line":19,"column":6},"end":{"line":19,"column":41}},"5":{"start":{"line":27,"column":16},"end":{"line":27,"column":18}},"6":{"start":{"line":28,"column":13},"end":{"line":28,"column":27}},"7":{"start":{"line":29,"column":17},"end":{"line":29,"column":31}},"8":{"start":{"line":31,"column":2},"end":{"line":31,"column":17}},"9":{"start":{"line":32,"column":2},"end":{"line":32,"column":62}},"10":{"start":{"line":33,"column":2},"end":{"line":33,"column":17}},"11":{"start":{"line":34,"column":2},"end":{"line":34,"column":17}},"12":{"start":{"line":36,"column":2},"end":{"line":43,"column":3}},"13":{"start":{"line":37,"column":4},"end":{"line":37,"column":34}},"14":{"start":{"line":38,"column":4},"end":{"line":38,"column":19}},"15":{"start":{"line":39,"column":4},"end":{"line":41,"column":5}},"16":{"start":{"line":40,"column":6},"end":{"line":40,"column":36}},"17":{"start":{"line":42,"column":4},"end":{"line":42,"column":28}},"18":{"start":{"line":46,"column":2},"end":{"line":46,"column":50}},"19":{"start":{"line":47,"column":2},"end":{"line":47,"column":60}},"20":{"start":{"line":48,"column":2},"end":{"line":48,"column":93}},"21":{"start":{"line":49,"column":2},"end":{"line":49,"column":17}},"22":{"start":{"line":52,"column":12},"end":{"line":52,"column":27}},"23":{"start":{"line":53,"column":2},"end":{"line":53,"column":21}},"24":{"start":{"line":54,"column":2},"end":{"line":54,"column":26}},"25":{"start":{"line":55,"column":2},"end":{"line":55,"column":21}},"26":{"start":{"line":56,"column":2},"end":{"line":56,"column":63}},"27":{"start":{"line":57,"column":2},"end":{"line":57,"column":84}},"28":{"start":{"line":58,"column":2},"end":{"line":58,"column":89}},"29":{"start":{"line":59,"column":2},"end":{"line":59,"column":78}},"30":{"start":{"line":60,"column":2},"end":{"line":60,"column":17}},"31":{"start":{"line":63,"column":2},"end":{"line":63,"column":37}},"32":{"start":{"line":64,"column":2},"end":{"line":67,"column":3}},"33":{"start":{"line":65,"column":22},"end":{"line":65,"column":51}},"34":{"start":{"line":66,"column":4},"end":{"line":66,"column":45}},"35":{"start":{"line":68,"column":2},"end":{"line":68,"column":17}},"36":{"start":{"line":71,"column":2},"end":{"line":77,"column":3}},"37":{"start":{"line":72,"column":4},"end":{"line":72,"column":40}},"38":{"start":{"line":73,"column":4},"end":{"line":75,"column":5}},"39":{"start":{"line":74,"column":6},"end":{"line":74,"column":114}},"40":{"start":{"line":76,"column":4},"end":{"line":76,"column":19}},"41":{"start":{"line":80,"column":2},"end":{"line":102,"column":3}},"42":{"start":{"line":81,"column":4},"end":{"line":81,"column":23}},"43":{"start":{"line":82,"column":4},"end":{"line":82,"column":36}},"44":{"start":{"line":83,"column":4},"end":{"line":83,"column":23}},"45":{"start":{"line":84,"column":4},"end":{"line":84,"column":19}},"46":{"start":{"line":86,"column":4},"end":{"line":98,"column":5}},"47":{"start":{"line":86,"column":17},"end":{"line":86,"column":18}},"48":{"start":{"line":87,"column":18},"end":{"line":87,"column":44}},"49":{"start":{"line":88,"column":27},"end":{"line":88,"column":56}},"50":{"start":{"line":90,"column":6},"end":{"line":90,"column":63}},"51":{"start":{"line":91,"column":6},"end":{"line":91,"column":73}},"52":{"start":{"line":92,"column":6},"end":{"line":92,"column":44}},"53":{"start":{"line":93,"column":6},"end":{"line":93,"column":55}},"54":{"start":{"line":94,"column":6},"end":{"line":96,"column":7}},"55":{"start":{"line":95,"column":8},"end":{"line":95,"column":89}},"56":{"start":{"line":97,"column":6},"end":{"line":97,"column":21}},"57":{"start":{"line":100,"column":4},"end":{"line":100,"column":90}},"58":{"start":{"line":101,"column":4},"end":{"line":101,"column":19}},"59":{"start":{"line":105,"column":2},"end":{"line":105,"column":21}},"60":{"start":{"line":106,"column":2},"end":{"line":106,"column":35}},"61":{"start":{"line":107,"column":2},"end":{"line":107,"column":21}},"62":{"start":{"line":108,"column":2},"end":{"line":108,"column":17}},"63":{"start":{"line":110,"column":2},"end":{"line":119,"column":3}},"64":{"start":{"line":111,"column":22},"end":{"line":111,"column":55}},"65":{"start":{"line":112,"column":4},"end":{"line":112,"column":47}},"66":{"start":{"line":113,"column":4},"end":{"line":113,"column":89}},"67":{"start":{"line":114,"column":4},"end":{"line":114,"column":69}},"68":{"start":{"line":115,"column":4},"end":{"line":117,"column":5}},"69":{"start":{"line":116,"column":6},"end":{"line":116,"column":53}},"70":{"start":{"line":118,"column":4},"end":{"line":118,"column":19}},"71":{"start":{"line":121,"column":2},"end":{"line":121,"column":17}},"72":{"start":{"line":122,"column":2},"end":{"line":122,"column":66}},"73":{"start":{"line":123,"column":2},"end":{"line":123,"column":17}},"74":{"start":{"line":125,"column":2},"end":{"line":125,"column":26}},"75":{"start":{"line":132,"column":2},"end":{"line":132,"column":42}},"76":{"start":{"line":139,"column":16},"end":{"line":139,"column":18}},"77":{"start":{"line":141,"column":2},"end":{"line":141,"column":32}},"78":{"start":{"line":142,"column":2},"end":{"line":142,"column":33}},"79":{"start":{"line":143,"column":2},"end":{"line":143,"column":23}},"80":{"start":{"line":144,"column":2},"end":{"line":144,"column":41}},"81":{"start":{"line":145,"column":2},"end":{"line":145,"column":89}},"82":{"start":{"line":146,"column":2},"end":{"line":146,"column":77}},"83":{"start":{"line":147,"column":2},"end":{"line":147,"column":26}},"84":{"start":{"line":148,"column":2},"end":{"line":148,"column":179}},"85":{"start":{"line":149,"column":2},"end":{"line":149,"column":123}},"86":{"start":{"line":150,"column":2},"end":{"line":150,"column":144}},"87":{"start":{"line":151,"column":2},"end":{"line":151,"column":120}},"88":{"start":{"line":152,"column":2},"end":{"line":152,"column":108}},"89":{"start":{"line":153,"column":2},"end":{"line":153,"column":90}},"90":{"start":{"line":154,"column":2},"end":{"line":154,"column":68}},"91":{"start":{"line":155,"column":2},"end":{"line":155,"column":49}},"92":{"start":{"line":156,"column":2},"end":{"line":156,"column":70}},"93":{"start":{"line":157,"column":2},"end":{"line":157,"column":95}},"94":{"start":{"line":158,"column":2},"end":{"line":158,"column":66}},"95":{"start":{"line":159,"column":2},"end":{"line":159,"column":74}},"96":{"start":{"line":160,"column":2},"end":{"line":160,"column":76}},"97":{"start":{"line":161,"column":2},"end":{"line":161,"column":73}},"98":{"start":{"line":162,"column":2},"end":{"line":162,"column":107}},"99":{"start":{"line":163,"column":2},"end":{"line":163,"column":71}},"100":{"start":{"line":164,"column":2},"end":{"line":164,"column":82}},"101":{"start":{"line":165,"column":2},"end":{"line":165,"column":79}},"102":{"start":{"line":166,"column":2},"end":{"line":166,"column":27}},"103":{"start":{"line":167,"column":2},"end":{"line":167,"column":24}},"104":{"start":{"line":168,"column":2},"end":{"line":168,"column":23}},"105":{"start":{"line":171,"column":2},"end":{"line":171,"column":39}},"106":{"start":{"line":172,"column":2},"end":{"line":172,"column":73}},"107":{"start":{"line":174,"column":2},"end":{"line":182,"column":3}},"108":{"start":{"line":175,"column":4},"end":{"line":175,"column":45}},"109":{"start":{"line":176,"column":4},"end":{"line":176,"column":27}},"110":{"start":{"line":177,"column":4},"end":{"line":179,"column":5}},"111":{"start":{"line":178,"column":6},"end":{"line":178,"column":91}},"112":{"start":{"line":180,"column":4},"end":{"line":180,"column":33}},"113":{"start":{"line":181,"column":4},"end":{"line":181,"column":28}},"114":{"start":{"line":184,"column":2},"end":{"line":184,"column":70}},"115":{"start":{"line":185,"column":2},"end":{"line":185,"column":65}},"116":{"start":{"line":186,"column":2},"end":{"line":186,"column":25}},"117":{"start":{"line":189,"column":12},"end":{"line":189,"column":27}},"118":{"start":{"line":190,"column":2},"end":{"line":190,"column":37}},"119":{"start":{"line":191,"column":2},"end":{"line":191,"column":37}},"120":{"start":{"line":192,"column":2},"end":{"line":192,"column":42}},"121":{"start":{"line":193,"column":2},"end":{"line":193,"column":147}},"122":{"start":{"line":194,"column":2},"end":{"line":194,"column":167}},"123":{"start":{"line":195,"column":2},"end":{"line":195,"column":180}},"124":{"start":{"line":196,"column":2},"end":{"line":196,"column":164}},"125":{"start":{"line":197,"column":2},"end":{"line":197,"column":27}},"126":{"start":{"line":198,"column":2},"end":{"line":198,"column":25}},"127":{"start":{"line":201,"column":2},"end":{"line":226,"column":3}},"128":{"start":{"line":202,"column":4},"end":{"line":202,"column":39}},"129":{"start":{"line":203,"column":4},"end":{"line":203,"column":47}},"130":{"start":{"line":204,"column":4},"end":{"line":204,"column":30}},"131":{"start":{"line":205,"column":4},"end":{"line":205,"column":140}},"132":{"start":{"line":206,"column":4},"end":{"line":206,"column":32}},"133":{"start":{"line":208,"column":4},"end":{"line":221,"column":5}},"134":{"start":{"line":208,"column":17},"end":{"line":208,"column":18}},"135":{"start":{"line":209,"column":18},"end":{"line":209,"column":44}},"136":{"start":{"line":210,"column":23},"end":{"line":210,"column":49}},"137":{"start":{"line":211,"column":23},"end":{"line":211,"column":44}},"138":{"start":{"line":213,"column":6},"end":{"line":213,"column":33}},"139":{"start":{"line":214,"column":6},"end":{"line":214,"column":48}},"140":{"start":{"line":215,"column":6},"end":{"line":215,"column":89}},"141":{"start":{"line":216,"column":6},"end":{"line":216,"column":104}},"142":{"start":{"line":217,"column":6},"end":{"line":217,"column":67}},"143":{"start":{"line":218,"column":6},"end":{"line":218,"column":116}},"144":{"start":{"line":219,"column":6},"end":{"line":219,"column":103}},"145":{"start":{"line":220,"column":6},"end":{"line":220,"column":34}},"146":{"start":{"line":223,"column":4},"end":{"line":223,"column":33}},"147":{"start":{"line":224,"column":4},"end":{"line":224,"column":31}},"148":{"start":{"line":225,"column":4},"end":{"line":225,"column":27}},"149":{"start":{"line":229,"column":2},"end":{"line":229,"column":37}},"150":{"start":{"line":230,"column":2},"end":{"line":230,"column":46}},"151":{"start":{"line":231,"column":2},"end":{"line":231,"column":28}},"152":{"start":{"line":232,"column":2},"end":{"line":232,"column":109}},"153":{"start":{"line":233,"column":2},"end":{"line":233,"column":30}},"154":{"start":{"line":235,"column":2},"end":{"line":243,"column":3}},"155":{"start":{"line":236,"column":22},"end":{"line":236,"column":55}},"156":{"start":{"line":237,"column":4},"end":{"line":237,"column":31}},"157":{"start":{"line":238,"column":4},"end":{"line":238,"column":61}},"158":{"start":{"line":239,"column":4},"end":{"line":239,"column":62}},"159":{"start":{"line":240,"column":4},"end":{"line":240,"column":73}},"160":{"start":{"line":241,"column":4},"end":{"line":241,"column":58}},"161":{"start":{"line":242,"column":4},"end":{"line":242,"column":32}},"162":{"start":{"line":245,"column":2},"end":{"line":245,"column":31}},"163":{"start":{"line":246,"column":2},"end":{"line":246,"column":29}},"164":{"start":{"line":247,"column":2},"end":{"line":247,"column":25}},"165":{"start":{"line":250,"column":2},"end":{"line":250,"column":148}},"166":{"start":{"line":251,"column":2},"end":{"line":251,"column":24}},"167":{"start":{"line":252,"column":2},"end":{"line":252,"column":24}},"168":{"start":{"line":254,"column":2},"end":{"line":254,"column":26}},"169":{"start":{"line":258,"column":2},"end":{"line":263,"column":3}},"170":{"start":{"line":259,"column":17},"end":{"line":259,"column":31}},"171":{"start":{"line":260,"column":19},"end":{"line":260,"column":35}},"172":{"start":{"line":261,"column":16},"end":{"line":261,"column":29}},"173":{"start":{"line":262,"column":13},"end":{"line":262,"column":27}},"174":{"start":{"line":267,"column":2},"end":{"line":267,"column":50}},"175":{"start":{"line":267,"column":31},"end":{"line":267,"column":50}},"176":{"start":{"line":268,"column":2},"end":{"line":272,"column":29}},"177":{"start":{"line":275,"column":0},"end":{"line":281,"column":2}}},"fnMap":{"0":{"name":"generateReport","decl":{"start":{"line":11,"column":9},"end":{"line":11,"column":23}},"loc":{"start":{"line":11,"column":50},"end":{"line":21,"column":1}},"line":11},"1":{"name":"generateTextReport","decl":{"start":{"line":26,"column":9},"end":{"line":26,"column":27}},"loc":{"start":{"line":26,"column":37},"end":{"line":126,"column":1}},"line":26},"2":{"name":"generateJSONReport","decl":{"start":{"line":131,"column":9},"end":{"line":131,"column":27}},"loc":{"start":{"line":131,"column":37},"end":{"line":133,"column":1}},"line":131},"3":{"name":"generateHTMLReport","decl":{"start":{"line":138,"column":9},"end":{"line":138,"column":27}},"loc":{"start":{"line":138,"column":37},"end":{"line":255,"column":1}},"line":138},"4":{"name":"getSeverityIcon","decl":{"start":{"line":257,"column":9},"end":{"line":257,"column":24}},"loc":{"start":{"line":257,"column":35},"end":{"line":264,"column":1}},"line":257},"5":{"name":"escapeHtml","decl":{"start":{"line":266,"column":9},"end":{"line":266,"column":19}},"loc":{"start":{"line":266,"column":25},"end":{"line":273,"column":1}},"line":266}},"branchMap":{"0":{"loc":{"start":{"line":11,"column":33},"end":{"line":11,"column":48}},"type":"default-arg","locations":[{"start":{"line":11,"column":42},"end":{"line":11,"column":48}}],"line":11},"1":{"loc":{"start":{"line":12,"column":2},"end":{"line":20,"column":3}},"type":"switch","locations":[{"start":{"line":13,"column":4},"end":{"line":14,"column":41}},{"start":{"line":15,"column":4},"end":{"line":16,"column":41}},{"start":{"line":17,"column":4},"end":{"line":17,"column":16}},{"start":{"line":18,"column":4},"end":{"line":19,"column":41}}],"line":12},"2":{"loc":{"start":{"line":36,"column":2},"end":{"line":43,"column":3}},"type":"if","locations":[{"start":{"line":36,"column":2},"end":{"line":43,"column":3}},{"start":{},"end":{}}],"line":36},"3":{"loc":{"start":{"line":71,"column":2},"end":{"line":77,"column":3}},"type":"if","locations":[{"start":{"line":71,"column":2},"end":{"line":77,"column":3}},{"start":{},"end":{}}],"line":71},"4":{"loc":{"start":{"line":80,"column":2},"end":{"line":102,"column":3}},"type":"if","locations":[{"start":{"line":80,"column":2},"end":{"line":102,"column":3}},{"start":{"line":99,"column":9},"end":{"line":102,"column":3}}],"line":80},"5":{"loc":{"start":{"line":94,"column":6},"end":{"line":96,"column":7}},"type":"if","locations":[{"start":{"line":94,"column":6},"end":{"line":96,"column":7}},{"start":{},"end":{}}],"line":94},"6":{"loc":{"start":{"line":114,"column":34},"end":{"line":114,"column":65}},"type":"cond-expr","locations":[{"start":{"line":114,"column":53},"end":{"line":114,"column":58}},{"start":{"line":114,"column":61},"end":{"line":114,"column":65}}],"line":114},"7":{"loc":{"start":{"line":115,"column":4},"end":{"line":117,"column":5}},"type":"if","locations":[{"start":{"line":115,"column":4},"end":{"line":117,"column":5}},{"start":{},"end":{}}],"line":115},"8":{"loc":{"start":{"line":174,"column":2},"end":{"line":182,"column":3}},"type":"if","locations":[{"start":{"line":174,"column":2},"end":{"line":182,"column":3}},{"start":{},"end":{}}],"line":174},"9":{"loc":{"start":{"line":201,"column":2},"end":{"line":226,"column":3}},"type":"if","locations":[{"start":{"line":201,"column":2},"end":{"line":226,"column":3}},{"start":{},"end":{}}],"line":201},"10":{"loc":{"start":{"line":219,"column":65},"end":{"line":219,"column":90}},"type":"binary-expr","locations":[{"start":{"line":219,"column":65},"end":{"line":219,"column":85}},{"start":{"line":219,"column":89},"end":{"line":219,"column":90}}],"line":219},"11":{"loc":{"start":{"line":258,"column":2},"end":{"line":263,"column":3}},"type":"switch","locations":[{"start":{"line":259,"column":4},"end":{"line":259,"column":31}},{"start":{"line":260,"column":4},"end":{"line":260,"column":35}},{"start":{"line":261,"column":4},"end":{"line":261,"column":29}},{"start":{"line":262,"column":4},"end":{"line":262,"column":27}}],"line":258},"12":{"loc":{"start":{"line":267,"column":2},"end":{"line":267,"column":50}},"type":"if","locations":[{"start":{"line":267,"column":2},"end":{"line":267,"column":50}},{"start":{},"end":{}}],"line":267}},"s":{"0":2,"1":12,"2":2,"3":5,"4":5,"5":5,"6":5,"7":5,"8":5,"9":5,"10":5,"11":5,"12":5,"13":1,"14":1,"15":1,"16":1,"17":1,"18":4,"19":4,"20":4,"21":4,"22":4,"23":4,"24":4,"25":4,"26":4,"27":4,"28":4,"29":4,"30":4,"31":4,"32":4,"33":52,"34":52,"35":4,"36":4,"37":4,"38":4,"39":12,"40":4,"41":4,"42":4,"43":4,"44":4,"45":4,"46":4,"47":4,"48":60,"49":60,"50":60,"51":60,"52":60,"53":60,"54":60,"55":60,"56":60,"57":0,"58":0,"59":4,"60":4,"61":4,"62":4,"63":4,"64":88,"65":88,"66":88,"67":88,"68":88,"69":48,"70":88,"71":4,"72":4,"73":4,"74":4,"75":2,"76":5,"77":5,"78":5,"79":5,"80":5,"81":5,"82":5,"83":5,"84":5,"85":5,"86":5,"87":5,"88":5,"89":5,"90":5,"91":5,"92":5,"93":5,"94":5,"95":5,"96":5,"97":5,"98":5,"99":5,"100":5,"101":5,"102":5,"103":5,"104":5,"105":5,"106":5,"107":5,"108":1,"109":1,"110":1,"111":1,"112":1,"113":1,"114":4,"115":4,"116":4,"117":4,"118":4,"119":4,"120":4,"121":4,"122":4,"123":4,"124":4,"125":4,"126":4,"127":4,"128":4,"129":4,"130":4,"131":4,"132":4,"133":4,"134":4,"135":60,"136":60,"137":60,"138":60,"139":60,"140":60,"141":60,"142":60,"143":60,"144":60,"145":60,"146":4,"147":4,"148":4,"149":4,"150":4,"151":4,"152":4,"153":4,"154":4,"155":88,"156":88,"157":88,"158":88,"159":88,"160":88,"161":88,"162":4,"163":4,"164":4,"165":4,"166":4,"167":4,"168":4,"169":60,"170":32,"171":20,"172":8,"173":0,"174":429,"175":1,"176":428,"177":2},"f":{"0":12,"1":5,"2":2,"3":5,"4":60,"5":429},"b":{"0":[0],"1":[2,5,5,5],"2":[1,4],"3":[4,0],"4":[4,0],"5":[60,0],"6":[40,48],"7":[48,40],"8":[1,4],"9":[4,0],"10":[60,0],"11":[32,20,8,0],"12":[1,428]},"_coverageSchema":"1a1c01bbd47fc00a2c39e90264f33305004495a9","hash":"560228169f8d2a7d70ff590c47162efd55aa98ce"}
,"/home/neo/neo-workspace/skill-factory-service/workspaces/skill-0137-a-skill-that-automatically-analyzes/skill/scripts/utils.js": {"path":"/home/neo/neo-workspace/skill-factory-service/workspaces/skill-0137-a-skill-that-automatically-analyzes/skill/scripts/utils.js","statementMap":{"0":{"start":{"line":3,"column":11},"end":{"line":3,"column":24}},"1":{"start":{"line":4,"column":13},"end":{"line":4,"column":28}},"2":{"start":{"line":5,"column":13},"end":{"line":5,"column":31}},"3":{"start":{"line":7,"column":17},"end":{"line":7,"column":57}},"4":{"start":{"line":14,"column":18},"end":{"line":14,"column":40}},"5":{"start":{"line":15,"column":2},"end":{"line":17,"column":3}},"6":{"start":{"line":16,"column":4},"end":{"line":16,"column":59}},"7":{"start":{"line":19,"column":18},"end":{"line":19,"column":50}},"8":{"start":{"line":20,"column":14},"end":{"line":20,"column":49}},"9":{"start":{"line":22,"column":2},"end":{"line":24,"column":3}},"10":{"start":{"line":23,"column":4},"end":{"line":23,"column":30}},"11":{"start":{"line":25,"column":2},"end":{"line":27,"column":3}},"12":{"start":{"line":26,"column":4},"end":{"line":26,"column":30}},"13":{"start":{"line":30,"column":2},"end":{"line":34,"column":3}},"14":{"start":{"line":31,"column":4},"end":{"line":31,"column":30}},"15":{"start":{"line":33,"column":4},"end":{"line":33,"column":30}},"16":{"start":{"line":38,"column":2},"end":{"line":42,"column":3}},"17":{"start":{"line":39,"column":4},"end":{"line":39,"column":31}},"18":{"start":{"line":41,"column":4},"end":{"line":41,"column":64}},"19":{"start":{"line":46,"column":2},"end":{"line":52,"column":3}},"20":{"start":{"line":48,"column":22},"end":{"line":48,"column":43}},"21":{"start":{"line":49,"column":4},"end":{"line":49,"column":53}},"22":{"start":{"line":51,"column":4},"end":{"line":51,"column":64}},"23":{"start":{"line":60,"column":18},"end":{"line":65,"column":3}},"24":{"start":{"line":67,"column":16},"end":{"line":73,"column":4}},"25":{"start":{"line":68,"column":4},"end":{"line":72,"column":7}},"26":{"start":{"line":70,"column":28},"end":{"line":70,"column":65}},"27":{"start":{"line":71,"column":23},"end":{"line":71,"column":28}},"28":{"start":{"line":76,"column":19},"end":{"line":82,"column":4}},"29":{"start":{"line":77,"column":4},"end":{"line":81,"column":7}},"30":{"start":{"line":79,"column":28},"end":{"line":79,"column":65}},"31":{"start":{"line":80,"column":23},"end":{"line":80,"column":28}},"32":{"start":{"line":85,"column":19},"end":{"line":91,"column":4}},"33":{"start":{"line":86,"column":4},"end":{"line":90,"column":7}},"34":{"start":{"line":88,"column":28},"end":{"line":88,"column":65}},"35":{"start":{"line":89,"column":23},"end":{"line":89,"column":28}},"36":{"start":{"line":93,"column":2},"end":{"line":93,"column":74}},"37":{"start":{"line":100,"column":17},"end":{"line":100,"column":19}},"38":{"start":{"line":102,"column":2},"end":{"line":105,"column":3}},"39":{"start":{"line":103,"column":4},"end":{"line":103,"column":51}},"40":{"start":{"line":104,"column":4},"end":{"line":104,"column":36}},"41":{"start":{"line":107,"column":2},"end":{"line":110,"column":3}},"42":{"start":{"line":108,"column":4},"end":{"line":108,"column":63}},"43":{"start":{"line":109,"column":4},"end":{"line":109,"column":36}},"44":{"start":{"line":112,"column":2},"end":{"line":115,"column":3}},"45":{"start":{"line":113,"column":4},"end":{"line":113,"column":57}},"46":{"start":{"line":114,"column":4},"end":{"line":114,"column":36}},"47":{"start":{"line":118,"column":2},"end":{"line":122,"column":3}},"48":{"start":{"line":119,"column":4},"end":{"line":121,"column":5}},"49":{"start":{"line":120,"column":6},"end":{"line":120,"column":69}},"50":{"start":{"line":124,"column":2},"end":{"line":124,"column":48}},"51":{"start":{"line":131,"column":19},"end":{"line":131,"column":59}},"52":{"start":{"line":132,"column":2},"end":{"line":132,"column":55}},"53":{"start":{"line":139,"column":19},"end":{"line":139,"column":63}},"54":{"start":{"line":140,"column":2},"end":{"line":140,"column":55}},"55":{"start":{"line":147,"column":22},"end":{"line":147,"column":62}},"56":{"start":{"line":148,"column":2},"end":{"line":150,"column":3}},"57":{"start":{"line":149,"column":4},"end":{"line":149,"column":75}},"58":{"start":{"line":152,"column":2},"end":{"line":171,"column":3}},"59":{"start":{"line":154,"column":6},"end":{"line":154,"column":49}},"60":{"start":{"line":156,"column":6},"end":{"line":156,"column":49}},"61":{"start":{"line":158,"column":6},"end":{"line":158,"column":49}},"62":{"start":{"line":160,"column":6},"end":{"line":160,"column":49}},"63":{"start":{"line":162,"column":6},"end":{"line":162,"column":49}},"64":{"start":{"line":164,"column":6},"end":{"line":164,"column":56}},"65":{"start":{"line":166,"column":6},"end":{"line":166,"column":54}},"66":{"start":{"line":168,"column":6},"end":{"line":168,"column":57}},"67":{"start":{"line":170,"column":6},"end":{"line":170,"column":79}},"68":{"start":{"line":175,"column":23},"end":{"line":175,"column":60}},"69":{"start":{"line":176,"column":17},"end":{"line":176,"column":55}},"70":{"start":{"line":177,"column":2},"end":{"line":181,"column":4}},"71":{"start":{"line":185,"column":21},"end":{"line":185,"column":51}},"72":{"start":{"line":186,"column":15},"end":{"line":186,"column":35}},"73":{"start":{"line":187,"column":21},"end":{"line":187,"column":57}},"74":{"start":{"line":188,"column":18},"end":{"line":188,"column":35}},"75":{"start":{"line":189,"column":15},"end":{"line":189,"column":35}},"76":{"start":{"line":190,"column":19},"end":{"line":190,"column":84}},"77":{"start":{"line":191,"column":2},"end":{"line":195,"column":4}},"78":{"start":{"line":199,"column":24},"end":{"line":199,"column":67}},"79":{"start":{"line":200,"column":17},"end":{"line":200,"column":56}},"80":{"start":{"line":201,"column":18},"end":{"line":201,"column":44}},"81":{"start":{"line":202,"column":22},"end":{"line":202,"column":53}},"82":{"start":{"line":203,"column":18},"end":{"line":203,"column":50}},"83":{"start":{"line":204,"column":27},"end":{"line":204,"column":95}},"84":{"start":{"line":205,"column":29},"end":{"line":205,"column":55}},"85":{"start":{"line":206,"column":24},"end":{"line":206,"column":40}},"86":{"start":{"line":207,"column":2},"end":{"line":211,"column":4}},"87":{"start":{"line":215,"column":17},"end":{"line":215,"column":65}},"88":{"start":{"line":216,"column":17},"end":{"line":216,"column":84}},"89":{"start":{"line":217,"column":2},"end":{"line":221,"column":4}},"90":{"start":{"line":226,"column":17},"end":{"line":226,"column":56}},"91":{"start":{"line":227,"column":2},"end":{"line":231,"column":4}},"92":{"start":{"line":235,"column":17},"end":{"line":235,"column":57}},"93":{"start":{"line":236,"column":2},"end":{"line":240,"column":4}},"94":{"start":{"line":244,"column":21},"end":{"line":244,"column":59}},"95":{"start":{"line":245,"column":14},"end":{"line":245,"column":47}},"96":{"start":{"line":246,"column":14},"end":{"line":246,"column":48}},"97":{"start":{"line":247,"column":18},"end":{"line":247,"column":67}},"98":{"start":{"line":248,"column":18},"end":{"line":248,"column":67}},"99":{"start":{"line":249,"column":18},"end":{"line":249,"column":43}},"100":{"start":{"line":250,"column":2},"end":{"line":254,"column":4}},"101":{"start":{"line":258,"column":19},"end":{"line":258,"column":63}},"102":{"start":{"line":259,"column":19},"end":{"line":259,"column":48}},"103":{"start":{"line":260,"column":17},"end":{"line":260,"column":64}},"104":{"start":{"line":261,"column":2},"end":{"line":265,"column":4}},"105":{"start":{"line":273,"column":16},"end":{"line":273,"column":18}},"106":{"start":{"line":275,"column":2},"end":{"line":283,"column":3}},"107":{"start":{"line":276,"column":4},"end":{"line":276,"column":21}},"108":{"start":{"line":277,"column":17},"end":{"line":277,"column":38}},"109":{"start":{"line":278,"column":4},"end":{"line":282,"column":5}},"110":{"start":{"line":279,"column":6},"end":{"line":281,"column":7}},"111":{"start":{"line":280,"column":8},"end":{"line":280,"column":30}},"112":{"start":{"line":285,"column":2},"end":{"line":285,"column":15}},"113":{"start":{"line":292,"column":15},"end":{"line":292,"column":17}},"114":{"start":{"line":294,"column":2},"end":{"line":296,"column":3}},"115":{"start":{"line":295,"column":4},"end":{"line":295,"column":16}},"116":{"start":{"line":298,"column":2},"end":{"line":300,"column":3}},"117":{"start":{"line":299,"column":4},"end":{"line":299,"column":16}},"118":{"start":{"line":302,"column":2},"end":{"line":307,"column":3}},"119":{"start":{"line":303,"column":4},"end":{"line":305,"column":5}},"120":{"start":{"line":304,"column":6},"end":{"line":304,"column":38}},"121":{"start":{"line":306,"column":4},"end":{"line":306,"column":16}},"122":{"start":{"line":309,"column":2},"end":{"line":334,"column":3}},"123":{"start":{"line":310,"column":4},"end":{"line":312,"column":5}},"124":{"start":{"line":311,"column":6},"end":{"line":311,"column":27}},"125":{"start":{"line":313,"column":4},"end":{"line":320,"column":5}},"126":{"start":{"line":314,"column":19},"end":{"line":314,"column":38}},"127":{"start":{"line":315,"column":6},"end":{"line":319,"column":7}},"128":{"start":{"line":316,"column":8},"end":{"line":316,"column":27}},"129":{"start":{"line":317,"column":13},"end":{"line":319,"column":7}},"130":{"start":{"line":318,"column":8},"end":{"line":318,"column":38}},"131":{"start":{"line":321,"column":4},"end":{"line":323,"column":5}},"132":{"start":{"line":322,"column":6},"end":{"line":322,"column":29}},"133":{"start":{"line":324,"column":4},"end":{"line":329,"column":5}},"134":{"start":{"line":325,"column":19},"end":{"line":325,"column":30}},"135":{"start":{"line":326,"column":6},"end":{"line":328,"column":7}},"136":{"start":{"line":327,"column":8},"end":{"line":327,"column":38}},"137":{"start":{"line":331,"column":4},"end":{"line":333,"column":5}},"138":{"start":{"line":332,"column":6},"end":{"line":332,"column":44}},"139":{"start":{"line":336,"column":2},"end":{"line":336,"column":28}},"140":{"start":{"line":343,"column":21},"end":{"line":343,"column":30}},"141":{"start":{"line":344,"column":2},"end":{"line":348,"column":3}},"142":{"start":{"line":345,"column":4},"end":{"line":347,"column":5}},"143":{"start":{"line":346,"column":6},"end":{"line":346,"column":26}},"144":{"start":{"line":350,"column":23},"end":{"line":350,"column":25}},"145":{"start":{"line":351,"column":2},"end":{"line":355,"column":3}},"146":{"start":{"line":352,"column":4},"end":{"line":354,"column":5}},"147":{"start":{"line":353,"column":6},"end":{"line":353,"column":30}},"148":{"start":{"line":357,"column":2},"end":{"line":357,"column":22}},"149":{"start":{"line":364,"column":2},"end":{"line":364,"column":33}},"150":{"start":{"line":371,"column":2},"end":{"line":371,"column":43}},"151":{"start":{"line":374,"column":0},"end":{"line":388,"column":2}}},"fnMap":{"0":{"name":"loadTemplate","decl":{"start":{"line":13,"column":9},"end":{"line":13,"column":21}},"loc":{"start":{"line":13,"column":32},"end":{"line":35,"column":1}},"line":13},"1":{"name":"parseJSON","decl":{"start":{"line":37,"column":9},"end":{"line":37,"column":18}},"loc":{"start":{"line":37,"column":28},"end":{"line":43,"column":1}},"line":37},"2":{"name":"parseYAML","decl":{"start":{"line":45,"column":9},"end":{"line":45,"column":18}},"loc":{"start":{"line":45,"column":28},"end":{"line":53,"column":1}},"line":45},"3":{"name":"createCfnYamlSchema","decl":{"start":{"line":59,"column":9},"end":{"line":59,"column":28}},"loc":{"start":{"line":59,"column":31},"end":{"line":94,"column":1}},"line":59},"4":{"name":"(anonymous_4)","decl":{"start":{"line":67,"column":28},"end":{"line":67,"column":29}},"loc":{"start":{"line":67,"column":35},"end":{"line":73,"column":3}},"line":67},"5":{"name":"(anonymous_5)","decl":{"start":{"line":70,"column":17},"end":{"line":70,"column":18}},"loc":{"start":{"line":70,"column":28},"end":{"line":70,"column":65}},"line":70},"6":{"name":"(anonymous_6)","decl":{"start":{"line":71,"column":17},"end":{"line":71,"column":18}},"loc":{"start":{"line":71,"column":23},"end":{"line":71,"column":28}},"line":71},"7":{"name":"(anonymous_7)","decl":{"start":{"line":76,"column":31},"end":{"line":76,"column":32}},"loc":{"start":{"line":76,"column":38},"end":{"line":82,"column":3}},"line":76},"8":{"name":"(anonymous_8)","decl":{"start":{"line":79,"column":17},"end":{"line":79,"column":18}},"loc":{"start":{"line":79,"column":28},"end":{"line":79,"column":65}},"line":79},"9":{"name":"(anonymous_9)","decl":{"start":{"line":80,"column":17},"end":{"line":80,"column":18}},"loc":{"start":{"line":80,"column":23},"end":{"line":80,"column":28}},"line":80},"10":{"name":"(anonymous_10)","decl":{"start":{"line":85,"column":31},"end":{"line":85,"column":32}},"loc":{"start":{"line":85,"column":38},"end":{"line":91,"column":3}},"line":85},"11":{"name":"(anonymous_11)","decl":{"start":{"line":88,"column":17},"end":{"line":88,"column":18}},"loc":{"start":{"line":88,"column":28},"end":{"line":88,"column":65}},"line":88},"12":{"name":"(anonymous_12)","decl":{"start":{"line":89,"column":17},"end":{"line":89,"column":18}},"loc":{"start":{"line":89,"column":23},"end":{"line":89,"column":28}},"line":89},"13":{"name":"validateTemplate","decl":{"start":{"line":99,"column":9},"end":{"line":99,"column":25}},"loc":{"start":{"line":99,"column":36},"end":{"line":125,"column":1}},"line":99},"14":{"name":"loadServicesData","decl":{"start":{"line":130,"column":9},"end":{"line":130,"column":25}},"loc":{"start":{"line":130,"column":28},"end":{"line":133,"column":1}},"line":130},"15":{"name":"loadMetricsData","decl":{"start":{"line":138,"column":9},"end":{"line":138,"column":24}},"loc":{"start":{"line":138,"column":27},"end":{"line":141,"column":1}},"line":138},"16":{"name":"getResourceCost","decl":{"start":{"line":146,"column":9},"end":{"line":146,"column":24}},"loc":{"start":{"line":146,"column":65},"end":{"line":172,"column":1}},"line":146},"17":{"name":"getEC2Cost","decl":{"start":{"line":174,"column":9},"end":{"line":174,"column":19}},"loc":{"start":{"line":174,"column":45},"end":{"line":182,"column":1}},"line":174},"18":{"name":"getEBSCost","decl":{"start":{"line":184,"column":9},"end":{"line":184,"column":19}},"loc":{"start":{"line":184,"column":45},"end":{"line":196,"column":1}},"line":184},"19":{"name":"getRDSCost","decl":{"start":{"line":198,"column":9},"end":{"line":198,"column":19}},"loc":{"start":{"line":198,"column":45},"end":{"line":212,"column":1}},"line":198},"20":{"name":"getALBCost","decl":{"start":{"line":214,"column":9},"end":{"line":214,"column":19}},"loc":{"start":{"line":214,"column":45},"end":{"line":222,"column":1}},"line":214},"21":{"name":"getEIPCost","decl":{"start":{"line":224,"column":9},"end":{"line":224,"column":19}},"loc":{"start":{"line":224,"column":45},"end":{"line":232,"column":1}},"line":224},"22":{"name":"getNatGatewayCost","decl":{"start":{"line":234,"column":9},"end":{"line":234,"column":26}},"loc":{"start":{"line":234,"column":52},"end":{"line":241,"column":1}},"line":234},"23":{"name":"getDynamoDBCost","decl":{"start":{"line":243,"column":9},"end":{"line":243,"column":24}},"loc":{"start":{"line":243,"column":50},"end":{"line":255,"column":1}},"line":243},"24":{"name":"getElastiCacheCost","decl":{"start":{"line":257,"column":9},"end":{"line":257,"column":27}},"loc":{"start":{"line":257,"column":53},"end":{"line":266,"column":1}},"line":257},"25":{"name":"buildDependencyGraph","decl":{"start":{"line":272,"column":9},"end":{"line":272,"column":29}},"loc":{"start":{"line":272,"column":41},"end":{"line":286,"column":1}},"line":272},"26":{"name":"extractRefs","decl":{"start":{"line":291,"column":9},"end":{"line":291,"column":20}},"loc":{"start":{"line":291,"column":28},"end":{"line":337,"column":1}},"line":291},"27":{"name":"findUnreferencedResources","decl":{"start":{"line":342,"column":9},"end":{"line":342,"column":34}},"loc":{"start":{"line":342,"column":53},"end":{"line":358,"column":1}},"line":342},"28":{"name":"formatCurrency","decl":{"start":{"line":363,"column":9},"end":{"line":363,"column":23}},"loc":{"start":{"line":363,"column":32},"end":{"line":365,"column":1}},"line":363},"29":{"name":"formatMonthlyCost","decl":{"start":{"line":370,"column":9},"end":{"line":370,"column":26}},"loc":{"start":{"line":370,"column":35},"end":{"line":372,"column":1}},"line":370}},"branchMap":{"0":{"loc":{"start":{"line":15,"column":2},"end":{"line":17,"column":3}},"type":"if","locations":[{"start":{"line":15,"column":2},"end":{"line":17,"column":3}},{"start":{},"end":{}}],"line":15},"1":{"loc":{"start":{"line":22,"column":2},"end":{"line":24,"column":3}},"type":"if","locations":[{"start":{"line":22,"column":2},"end":{"line":24,"column":3}},{"start":{},"end":{}}],"line":22},"2":{"loc":{"start":{"line":25,"column":2},"end":{"line":27,"column":3}},"type":"if","locations":[{"start":{"line":25,"column":2},"end":{"line":27,"column":3}},{"start":{},"end":{}}],"line":25},"3":{"loc":{"start":{"line":25,"column":6},"end":{"line":25,"column":39}},"type":"binary-expr","locations":[{"start":{"line":25,"column":6},"end":{"line":25,"column":21}},{"start":{"line":25,"column":25},"end":{"line":25,"column":39}}],"line":25},"4":{"loc":{"start":{"line":102,"column":2},"end":{"line":105,"column":3}},"type":"if","locations":[{"start":{"line":102,"column":2},"end":{"line":105,"column":3}},{"start":{},"end":{}}],"line":102},"5":{"loc":{"start":{"line":102,"column":6},"end":{"line":102,"column":47}},"type":"binary-expr","locations":[{"start":{"line":102,"column":6},"end":{"line":102,"column":15}},{"start":{"line":102,"column":19},"end":{"line":102,"column":47}}],"line":102},"6":{"loc":{"start":{"line":107,"column":2},"end":{"line":110,"column":3}},"type":"if","locations":[{"start":{"line":107,"column":2},"end":{"line":110,"column":3}},{"start":{},"end":{}}],"line":107},"7":{"loc":{"start":{"line":107,"column":6},"end":{"line":107,"column":67}},"type":"binary-expr","locations":[{"start":{"line":107,"column":6},"end":{"line":107,"column":25}},{"start":{"line":107,"column":29},"end":{"line":107,"column":67}}],"line":107},"8":{"loc":{"start":{"line":112,"column":2},"end":{"line":115,"column":3}},"type":"if","locations":[{"start":{"line":112,"column":2},"end":{"line":115,"column":3}},{"start":{},"end":{}}],"line":112},"9":{"loc":{"start":{"line":119,"column":4},"end":{"line":121,"column":5}},"type":"if","locations":[{"start":{"line":119,"column":4},"end":{"line":121,"column":5}},{"start":{},"end":{}}],"line":119},"10":{"loc":{"start":{"line":148,"column":2},"end":{"line":150,"column":3}},"type":"if","locations":[{"start":{"line":148,"column":2},"end":{"line":150,"column":3}},{"start":{},"end":{}}],"line":148},"11":{"loc":{"start":{"line":148,"column":6},"end":{"line":148,"column":42}},"type":"binary-expr","locations":[{"start":{"line":148,"column":6},"end":{"line":148,"column":18}},{"start":{"line":148,"column":22},"end":{"line":148,"column":42}}],"line":148},"12":{"loc":{"start":{"line":152,"column":2},"end":{"line":171,"column":3}},"type":"switch","locations":[{"start":{"line":153,"column":4},"end":{"line":154,"column":49}},{"start":{"line":155,"column":4},"end":{"line":156,"column":49}},{"start":{"line":157,"column":4},"end":{"line":158,"column":49}},{"start":{"line":159,"column":4},"end":{"line":160,"column":49}},{"start":{"line":161,"column":4},"end":{"line":162,"column":49}},{"start":{"line":163,"column":4},"end":{"line":164,"column":56}},{"start":{"line":165,"column":4},"end":{"line":166,"column":54}},{"start":{"line":167,"column":4},"end":{"line":168,"column":57}},{"start":{"line":169,"column":4},"end":{"line":170,"column":79}}],"line":152},"13":{"loc":{"start":{"line":175,"column":23},"end":{"line":175,"column":60}},"type":"binary-expr","locations":[{"start":{"line":175,"column":23},"end":{"line":175,"column":46}},{"start":{"line":175,"column":50},"end":{"line":175,"column":60}}],"line":175},"14":{"loc":{"start":{"line":176,"column":17},"end":{"line":176,"column":55}},"type":"binary-expr","locations":[{"start":{"line":176,"column":17},"end":{"line":176,"column":50}},{"start":{"line":176,"column":54},"end":{"line":176,"column":55}}],"line":176},"15":{"loc":{"start":{"line":185,"column":21},"end":{"line":185,"column":51}},"type":"binary-expr","locations":[{"start":{"line":185,"column":21},"end":{"line":185,"column":42}},{"start":{"line":185,"column":46},"end":{"line":185,"column":51}}],"line":185},"16":{"loc":{"start":{"line":186,"column":15},"end":{"line":186,"column":35}},"type":"binary-expr","locations":[{"start":{"line":186,"column":15},"end":{"line":186,"column":30}},{"start":{"line":186,"column":34},"end":{"line":186,"column":35}}],"line":186},"17":{"loc":{"start":{"line":187,"column":21},"end":{"line":187,"column":57}},"type":"binary-expr","locations":[{"start":{"line":187,"column":21},"end":{"line":187,"column":52}},{"start":{"line":187,"column":56},"end":{"line":187,"column":57}}],"line":187},"18":{"loc":{"start":{"line":189,"column":15},"end":{"line":189,"column":35}},"type":"binary-expr","locations":[{"start":{"line":189,"column":15},"end":{"line":189,"column":30}},{"start":{"line":189,"column":34},"end":{"line":189,"column":35}}],"line":189},"19":{"loc":{"start":{"line":190,"column":19},"end":{"line":190,"column":84}},"type":"cond-expr","locations":[{"start":{"line":190,"column":68},"end":{"line":190,"column":80}},{"start":{"line":190,"column":83},"end":{"line":190,"column":84}}],"line":190},"20":{"loc":{"start":{"line":190,"column":20},"end":{"line":190,"column":64}},"type":"binary-expr","locations":[{"start":{"line":190,"column":20},"end":{"line":190,"column":40}},{"start":{"line":190,"column":44},"end":{"line":190,"column":64}}],"line":190},"21":{"loc":{"start":{"line":194,"column":42},"end":{"line":194,"column":75}},"type":"cond-expr","locations":[{"start":{"line":194,"column":53},"end":{"line":194,"column":70}},{"start":{"line":194,"column":73},"end":{"line":194,"column":75}}],"line":194},"22":{"loc":{"start":{"line":199,"column":24},"end":{"line":199,"column":67}},"type":"binary-expr","locations":[{"start":{"line":199,"column":24},"end":{"line":199,"column":50}},{"start":{"line":199,"column":54},"end":{"line":199,"column":67}}],"line":199},"23":{"loc":{"start":{"line":200,"column":17},"end":{"line":200,"column":56}},"type":"binary-expr","locations":[{"start":{"line":200,"column":17},"end":{"line":200,"column":51}},{"start":{"line":200,"column":55},"end":{"line":200,"column":56}}],"line":200},"24":{"loc":{"start":{"line":201,"column":18},"end":{"line":201,"column":44}},"type":"cond-expr","locations":[{"start":{"line":201,"column":39},"end":{"line":201,"column":40}},{"start":{"line":201,"column":43},"end":{"line":201,"column":44}}],"line":201},"25":{"loc":{"start":{"line":202,"column":22},"end":{"line":202,"column":53}},"type":"binary-expr","locations":[{"start":{"line":202,"column":22},"end":{"line":202,"column":44}},{"start":{"line":202,"column":48},"end":{"line":202,"column":53}}],"line":202},"26":{"loc":{"start":{"line":203,"column":18},"end":{"line":203,"column":50}},"type":"binary-expr","locations":[{"start":{"line":203,"column":18},"end":{"line":203,"column":45}},{"start":{"line":203,"column":49},"end":{"line":203,"column":50}}],"line":203},"27":{"loc":{"start":{"line":204,"column":27},"end":{"line":204,"column":95}},"type":"cond-expr","locations":[{"start":{"line":204,"column":51},"end":{"line":204,"column":56}},{"start":{"line":204,"column":59},"end":{"line":204,"column":95}}],"line":204},"28":{"loc":{"start":{"line":204,"column":59},"end":{"line":204,"column":95}},"type":"cond-expr","locations":[{"start":{"line":204,"column":83},"end":{"line":204,"column":88}},{"start":{"line":204,"column":91},"end":{"line":204,"column":95}}],"line":204},"29":{"loc":{"start":{"line":210,"column":32},"end":{"line":210,"column":62}},"type":"cond-expr","locations":[{"start":{"line":210,"column":46},"end":{"line":210,"column":57}},{"start":{"line":210,"column":60},"end":{"line":210,"column":62}}],"line":210},"30":{"loc":{"start":{"line":215,"column":18},"end":{"line":215,"column":50}},"type":"binary-expr","locations":[{"start":{"line":215,"column":18},"end":{"line":215,"column":33}},{"start":{"line":215,"column":37},"end":{"line":215,"column":50}}],"line":215},"31":{"loc":{"start":{"line":216,"column":17},"end":{"line":216,"column":84}},"type":"binary-expr","locations":[{"start":{"line":216,"column":17},"end":{"line":216,"column":44}},{"start":{"line":216,"column":48},"end":{"line":216,"column":79}},{"start":{"line":216,"column":83},"end":{"line":216,"column":84}}],"line":216},"32":{"loc":{"start":{"line":226,"column":17},"end":{"line":226,"column":56}},"type":"binary-expr","locations":[{"start":{"line":226,"column":17},"end":{"line":226,"column":47}},{"start":{"line":226,"column":51},"end":{"line":226,"column":56}}],"line":226},"33":{"loc":{"start":{"line":235,"column":17},"end":{"line":235,"column":57}},"type":"binary-expr","locations":[{"start":{"line":235,"column":17},"end":{"line":235,"column":48}},{"start":{"line":235,"column":52},"end":{"line":235,"column":57}}],"line":235},"34":{"loc":{"start":{"line":244,"column":21},"end":{"line":244,"column":59}},"type":"binary-expr","locations":[{"start":{"line":244,"column":21},"end":{"line":244,"column":53}},{"start":{"line":244,"column":57},"end":{"line":244,"column":59}}],"line":244},"35":{"loc":{"start":{"line":245,"column":14},"end":{"line":245,"column":47}},"type":"binary-expr","locations":[{"start":{"line":245,"column":14},"end":{"line":245,"column":42}},{"start":{"line":245,"column":46},"end":{"line":245,"column":47}}],"line":245},"36":{"loc":{"start":{"line":246,"column":14},"end":{"line":246,"column":48}},"type":"binary-expr","locations":[{"start":{"line":246,"column":14},"end":{"line":246,"column":43}},{"start":{"line":246,"column":47},"end":{"line":246,"column":48}}],"line":246},"37":{"loc":{"start":{"line":247,"column":25},"end":{"line":247,"column":66}},"type":"binary-expr","locations":[{"start":{"line":247,"column":25},"end":{"line":247,"column":55}},{"start":{"line":247,"column":59},"end":{"line":247,"column":66}}],"line":247},"38":{"loc":{"start":{"line":248,"column":25},"end":{"line":248,"column":66}},"type":"binary-expr","locations":[{"start":{"line":248,"column":25},"end":{"line":248,"column":55}},{"start":{"line":248,"column":59},"end":{"line":248,"column":66}}],"line":248},"39":{"loc":{"start":{"line":258,"column":19},"end":{"line":258,"column":63}},"type":"binary-expr","locations":[{"start":{"line":258,"column":19},"end":{"line":258,"column":43}},{"start":{"line":258,"column":47},"end":{"line":258,"column":63}}],"line":258},"40":{"loc":{"start":{"line":259,"column":19},"end":{"line":259,"column":48}},"type":"binary-expr","locations":[{"start":{"line":259,"column":19},"end":{"line":259,"column":43}},{"start":{"line":259,"column":47},"end":{"line":259,"column":48}}],"line":259},"41":{"loc":{"start":{"line":260,"column":18},"end":{"line":260,"column":52}},"type":"binary-expr","locations":[{"start":{"line":260,"column":18},"end":{"line":260,"column":47}},{"start":{"line":260,"column":51},"end":{"line":260,"column":52}}],"line":260},"42":{"loc":{"start":{"line":279,"column":6},"end":{"line":281,"column":7}},"type":"if","locations":[{"start":{"line":279,"column":6},"end":{"line":281,"column":7}},{"start":{},"end":{}}],"line":279},"43":{"loc":{"start":{"line":279,"column":10},"end":{"line":279,"column":40}},"type":"binary-expr","locations":[{"start":{"line":279,"column":10},"end":{"line":279,"column":24}},{"start":{"line":279,"column":28},"end":{"line":279,"column":40}}],"line":279},"44":{"loc":{"start":{"line":294,"column":2},"end":{"line":296,"column":3}},"type":"if","locations":[{"start":{"line":294,"column":2},"end":{"line":296,"column":3}},{"start":{},"end":{}}],"line":294},"45":{"loc":{"start":{"line":294,"column":6},"end":{"line":294,"column":43}},"type":"binary-expr","locations":[{"start":{"line":294,"column":6},"end":{"line":294,"column":20}},{"start":{"line":294,"column":24},"end":{"line":294,"column":43}}],"line":294},"46":{"loc":{"start":{"line":298,"column":2},"end":{"line":300,"column":3}},"type":"if","locations":[{"start":{"line":298,"column":2},"end":{"line":300,"column":3}},{"start":{},"end":{}}],"line":298},"47":{"loc":{"start":{"line":298,"column":6},"end":{"line":298,"column":90}},"type":"binary-expr","locations":[{"start":{"line":298,"column":6},"end":{"line":298,"column":31}},{"start":{"line":298,"column":35},"end":{"line":298,"column":60}},{"start":{"line":298,"column":64},"end":{"line":298,"column":90}}],"line":298},"48":{"loc":{"start":{"line":302,"column":2},"end":{"line":307,"column":3}},"type":"if","locations":[{"start":{"line":302,"column":2},"end":{"line":307,"column":3}},{"start":{},"end":{}}],"line":302},"49":{"loc":{"start":{"line":309,"column":2},"end":{"line":334,"column":3}},"type":"if","locations":[{"start":{"line":309,"column":2},"end":{"line":334,"column":3}},{"start":{},"end":{}}],"line":309},"50":{"loc":{"start":{"line":310,"column":4},"end":{"line":312,"column":5}},"type":"if","locations":[{"start":{"line":310,"column":4},"end":{"line":312,"column":5}},{"start":{},"end":{}}],"line":310},"51":{"loc":{"start":{"line":313,"column":4},"end":{"line":320,"column":5}},"type":"if","locations":[{"start":{"line":313,"column":4},"end":{"line":320,"column":5}},{"start":{},"end":{}}],"line":313},"52":{"loc":{"start":{"line":315,"column":6},"end":{"line":319,"column":7}},"type":"if","locations":[{"start":{"line":315,"column":6},"end":{"line":319,"column":7}},{"start":{"line":317,"column":13},"end":{"line":319,"column":7}}],"line":315},"53":{"loc":{"start":{"line":315,"column":10},"end":{"line":315,"column":48}},"type":"binary-expr","locations":[{"start":{"line":315,"column":10},"end":{"line":315,"column":29}},{"start":{"line":315,"column":33},"end":{"line":315,"column":48}}],"line":315},"54":{"loc":{"start":{"line":317,"column":13},"end":{"line":319,"column":7}},"type":"if","locations":[{"start":{"line":317,"column":13},"end":{"line":319,"column":7}},{"start":{},"end":{}}],"line":317},"55":{"loc":{"start":{"line":321,"column":4},"end":{"line":323,"column":5}},"type":"if","locations":[{"start":{"line":321,"column":4},"end":{"line":323,"column":5}},{"start":{},"end":{}}],"line":321},"56":{"loc":{"start":{"line":321,"column":8},"end":{"line":321,"column":55}},"type":"binary-expr","locations":[{"start":{"line":321,"column":8},"end":{"line":321,"column":40}},{"start":{"line":321,"column":44},"end":{"line":321,"column":55}}],"line":321},"57":{"loc":{"start":{"line":324,"column":4},"end":{"line":329,"column":5}},"type":"if","locations":[{"start":{"line":324,"column":4},"end":{"line":329,"column":5}},{"start":{},"end":{}}],"line":324},"58":{"loc":{"start":{"line":324,"column":8},"end":{"line":324,"column":58}},"type":"binary-expr","locations":[{"start":{"line":324,"column":8},"end":{"line":324,"column":43}},{"start":{"line":324,"column":47},"end":{"line":324,"column":58}}],"line":324},"59":{"loc":{"start":{"line":326,"column":6},"end":{"line":328,"column":7}},"type":"if","locations":[{"start":{"line":326,"column":6},"end":{"line":328,"column":7}},{"start":{},"end":{}}],"line":326},"60":{"loc":{"start":{"line":352,"column":4},"end":{"line":354,"column":5}},"type":"if","locations":[{"start":{"line":352,"column":4},"end":{"line":354,"column":5}},{"start":{},"end":{}}],"line":352}},"s":{"0":4,"1":4,"2":4,"3":4,"4":23,"5":23,"6":3,"7":20,"8":20,"9":20,"10":4,"11":16,"12":16,"13":0,"14":0,"15":0,"16":4,"17":4,"18":0,"19":16,"20":16,"21":16,"22":0,"23":16,"24":16,"25":272,"26":400,"27":0,"28":16,"29":272,"30":0,"31":0,"32":16,"33":272,"34":0,"35":0,"36":16,"37":23,"38":23,"39":1,"40":1,"41":22,"42":1,"43":1,"44":21,"45":1,"46":1,"47":20,"48":344,"49":1,"50":20,"51":20,"52":20,"53":19,"54":19,"55":679,"56":679,"57":31,"58":648,"59":130,"60":104,"61":87,"62":31,"63":82,"64":31,"65":31,"66":46,"67":106,"68":130,"69":130,"70":130,"71":104,"72":104,"73":104,"74":104,"75":104,"76":104,"77":104,"78":87,"79":87,"80":87,"81":87,"82":87,"83":87,"84":87,"85":87,"86":87,"87":31,"88":31,"89":31,"90":82,"91":82,"92":31,"93":31,"94":31,"95":31,"96":31,"97":31,"98":31,"99":31,"100":31,"101":46,"102":46,"103":46,"104":46,"105":20,"106":20,"107":345,"108":345,"109":345,"110":347,"111":331,"112":20,"113":3703,"114":3703,"115":1,"116":3702,"117":2187,"118":1515,"119":275,"120":322,"121":275,"122":1240,"123":1240,"124":5,"125":1240,"126":2,"127":2,"128":1,"129":1,"130":1,"131":1240,"132":330,"133":1240,"134":15,"135":15,"136":15,"137":1240,"138":3028,"139":1240,"140":19,"141":19,"142":345,"143":332,"144":19,"145":19,"146":345,"147":193,"148":19,"149":328,"150":169,"151":4},"f":{"0":23,"1":4,"2":16,"3":16,"4":272,"5":400,"6":0,"7":272,"8":0,"9":0,"10":272,"11":0,"12":0,"13":23,"14":20,"15":19,"16":679,"17":130,"18":104,"19":87,"20":31,"21":82,"22":31,"23":31,"24":46,"25":20,"26":3703,"27":19,"28":328,"29":169},"b":{"0":[3,20],"1":[4,16],"2":[16,0],"3":[16,0],"4":[1,22],"5":[23,22],"6":[1,21],"7":[22,21],"8":[1,20],"9":[1,343],"10":[31,648],"11":[679,648],"12":[130,104,87,31,82,31,31,46,106],"13":[130,0],"14":[130,0],"15":[104,0],"16":[104,0],"17":[104,0],"18":[104,49],"19":[55,49],"20":[104,49],"21":[55,49],"22":[87,0],"23":[87,0],"24":[76,11],"25":[87,2],"26":[87,2],"27":[60,27],"28":[27,0],"29":[76,11],"30":[31,0],"31":[31,0,0],"32":[82,0],"33":[31,0],"34":[31,0],"35":[31,0],"36":[31,0],"37":[31,0],"38":[31,0],"39":[46,0],"40":[46,0],"41":[46,0],"42":[331,16],"43":[347,331],"44":[1,3702],"45":[3703,3702],"46":[2187,1515],"47":[3702,1751,1561],"48":[275,1240],"49":[1240,0],"50":[5,1235],"51":[2,1238],"52":[1,1],"53":[2,1],"54":[1,0],"55":[330,910],"56":[1240,330],"57":[15,1225],"58":[1240,15],"59":[15,0],"60":[193,152]},"_coverageSchema":"1a1c01bbd47fc00a2c39e90264f33305004495a9","hash":"0000943af669d116cb716268886f867d3e6fc9d1"}
}
