TN:
SF:scripts/analyze.js
FN:18,analyzeTemplate
FN:97,(anonymous_1)
FN:125,checkIdleResource
FN:131,(anonymous_3)
FN:147,(anonymous_4)
FN:164,(anonymous_5)
FN:197,checkOverProvisioning
FN:342,checkAntiPatterns
FN:391,categorizeIssues
FN:407,countResourceTypes
FN:416,formatMoney
FNF:11
FNH:11
FNDA:20,analyzeTemplate
FNDA:591,(anonymous_1)
FNDA:342,checkIdleResource
FNDA:672,(anonymous_3)
FNDA:822,(anonymous_4)
FNDA:330,(anonymous_5)
FNDA:342,checkOverProvisioning
FNDA:342,checkAntiPatterns
FNDA:18,categorizeIssues
FNDA:18,countResourceTypes
FNDA:129,formatMoney
DA:3,3
DA:12,3
DA:19,20
DA:22,20
DA:25,18
DA:26,18
DA:27,0
DA:38,18
DA:39,18
DA:40,18
DA:42,18
DA:43,18
DA:46,18
DA:47,18
DA:50,18
DA:51,18
DA:52,18
DA:53,18
DA:55,18
DA:56,342
DA:57,342
DA:60,342
DA:61,342
DA:66,342
DA:68,342
DA:79,342
DA:80,342
DA:81,342
DA:83,342
DA:84,240
DA:85,240
DA:86,240
DA:93,342
DA:97,591
DA:99,18
DA:126,342
DA:127,342
DA:130,342
DA:131,672
DA:132,33
DA:133,33
DA:134,33
DA:146,342
DA:147,822
DA:148,48
DA:149,48
DA:150,33
DA:151,33
DA:163,342
DA:164,330
DA:165,15
DA:166,15
DA:167,15
DA:179,342
DA:180,15
DA:181,15
DA:191,342
DA:198,342
DA:199,342
DA:200,342
DA:201,342
DA:204,312
DA:205,48
DA:206,48
DA:209,48
DA:210,33
DA:211,33
DA:212,33
DA:213,33
DA:215,33
DA:216,33
DA:230,48
DA:231,15
DA:232,15
DA:246,312
DA:247,18
DA:248,18
DA:250,18
DA:251,18
DA:252,18
DA:253,18
DA:254,18
DA:256,18
DA:257,18
DA:271,18
DA:272,15
DA:273,15
DA:274,15
DA:275,15
DA:276,15
DA:289,312
DA:290,15
DA:291,15
DA:292,15
DA:294,15
DA:295,15
DA:296,15
DA:297,15
DA:299,15
DA:311,312
DA:312,15
DA:313,15
DA:315,15
DA:316,15
DA:317,15
DA:318,15
DA:319,15
DA:321,15
DA:322,15
DA:336,312
DA:343,342
DA:344,342
DA:347,342
DA:348,15
DA:349,15
DA:350,15
DA:351,15
DA:353,15
DA:354,15
DA:366,342
DA:367,18
DA:368,18
DA:369,18
DA:370,18
DA:371,18
DA:373,18
DA:374,18
DA:385,342
DA:392,18
DA:393,18
DA:394,240
DA:395,240
DA:396,54
DA:398,240
DA:399,240
DA:401,18
DA:408,18
DA:409,18
DA:410,342
DA:411,342
DA:413,18
DA:417,129
DA:420,3
LF:143
LH:142
BRDA:18,0,0,14
BRDA:19,1,0,20
BRDA:19,1,1,14
BRDA:26,2,0,0
BRDA:26,2,1,18
BRDA:40,3,0,18
BRDA:40,3,1,0
BRDA:57,4,0,342
BRDA:57,4,1,0
BRDA:75,5,0,342
BRDA:75,5,1,0
BRDA:85,6,0,240
BRDA:85,6,1,0
BRDA:97,7,0,591
BRDA:97,7,1,0
BRDA:97,8,0,591
BRDA:97,8,1,0
BRDA:103,9,0,18
BRDA:103,9,1,0
BRDA:113,10,0,18
BRDA:113,10,1,0
BRDA:130,11,0,33
BRDA:130,11,1,309
BRDA:132,12,0,33
BRDA:132,12,1,0
BRDA:146,13,0,48
BRDA:146,13,1,294
BRDA:149,14,0,33
BRDA:149,14,1,15
BRDA:149,15,0,48
BRDA:149,15,1,48
BRDA:163,16,0,15
BRDA:163,16,1,327
BRDA:165,17,0,15
BRDA:165,17,1,0
BRDA:179,18,0,15
BRDA:179,18,1,327
BRDA:201,19,0,30
BRDA:201,19,1,312
BRDA:204,20,0,48
BRDA:204,20,1,264
BRDA:205,21,0,48
BRDA:205,21,1,0
BRDA:206,22,0,48
BRDA:206,22,1,0
BRDA:209,23,0,33
BRDA:209,23,1,15
BRDA:215,24,0,33
BRDA:215,24,1,0
BRDA:218,25,0,33
BRDA:218,25,1,0
BRDA:230,26,0,15
BRDA:230,26,1,33
BRDA:230,27,0,48
BRDA:230,27,1,33
BRDA:230,27,2,33
BRDA:246,28,0,18
BRDA:246,28,1,294
BRDA:247,29,0,18
BRDA:247,29,1,0
BRDA:248,30,0,18
BRDA:248,30,1,0
BRDA:250,31,0,18
BRDA:250,31,1,0
BRDA:256,32,0,18
BRDA:256,32,1,0
BRDA:271,33,0,15
BRDA:271,33,1,3
BRDA:271,34,0,18
BRDA:271,34,1,15
BRDA:275,35,0,15
BRDA:275,35,1,0
BRDA:289,36,0,15
BRDA:289,36,1,297
BRDA:290,37,0,15
BRDA:290,37,1,0
BRDA:291,38,0,15
BRDA:291,38,1,0
BRDA:292,39,0,15
BRDA:292,39,1,0
BRDA:294,40,0,15
BRDA:294,40,1,0
BRDA:294,41,0,15
BRDA:294,41,1,0
BRDA:311,42,0,15
BRDA:311,42,1,297
BRDA:312,43,0,15
BRDA:312,43,1,0
BRDA:313,44,0,15
BRDA:313,44,1,0
BRDA:315,45,0,15
BRDA:315,45,1,0
BRDA:321,46,0,15
BRDA:321,46,1,0
BRDA:347,47,0,15
BRDA:347,47,1,327
BRDA:347,48,0,342
BRDA:347,48,1,33
BRDA:348,49,0,15
BRDA:348,49,1,0
BRDA:353,50,0,15
BRDA:353,50,1,0
BRDA:366,51,0,18
BRDA:366,51,1,324
BRDA:366,52,0,342
BRDA:366,52,1,33
BRDA:366,52,2,15
BRDA:367,53,0,18
BRDA:367,53,1,0
BRDA:368,54,0,18
BRDA:368,54,1,0
BRDA:373,55,0,18
BRDA:373,55,1,0
BRDA:394,56,0,240
BRDA:394,56,1,0
BRDA:395,57,0,54
BRDA:395,57,1,186
BRDA:399,58,0,240
BRDA:399,58,1,0
BRDA:410,59,0,342
BRDA:410,59,1,0
BRDA:411,60,0,342
BRDA:411,60,1,207
BRF:123
BRH:86
end_of_record
TN:
SF:scripts/cli.js
FN:10,printHelp
FN:38,printVersion
FN:42,parseArgs
FN:86,run
FNF:4
FNH:4
FNDA:1,printHelp
FNDA:1,printVersion
FNDA:18,parseArgs
FNDA:10,run
DA:3,1
DA:4,1
DA:5,1
DA:7,1
DA:8,1
DA:11,1
DA:35,1
DA:39,1
DA:43,18
DA:53,18
DA:54,18
DA:56,18
DA:57,32
DA:59,32
DA:60,3
DA:61,29
DA:62,3
DA:63,26
DA:64,4
DA:65,4
DA:66,22
DA:67,1
DA:68,1
DA:69,21
DA:70,1
DA:71,1
DA:72,20
DA:73,20
DA:74,11
DA:75,9
DA:76,9
DA:80,32
DA:83,18
DA:87,10
DA:89,10
DA:90,1
DA:91,1
DA:94,9
DA:95,1
DA:96,1
DA:99,8
DA:100,1
DA:101,1
DA:104,7
DA:105,1
DA:106,1
DA:109,6
DA:110,1
DA:111,1
DA:115,5
DA:116,5
DA:117,1
DA:118,1
DA:121,4
DA:122,4
DA:126,3
DA:128,3
DA:129,0
DA:130,0
DA:131,0
DA:133,3
DA:136,3
DA:137,0
DA:140,3
DA:142,1
DA:143,1
DA:148,1
DA:149,0
DA:150,0
DA:153,1
LF:70
LH:64
BRDA:59,0,0,3
BRDA:59,0,1,29
BRDA:59,1,0,32
BRDA:59,1,1,30
BRDA:61,2,0,3
BRDA:61,2,1,26
BRDA:61,3,0,29
BRDA:61,3,1,27
BRDA:63,4,0,4
BRDA:63,4,1,22
BRDA:63,5,0,26
BRDA:63,5,1,4
BRDA:66,6,0,1
BRDA:66,6,1,21
BRDA:66,7,0,22
BRDA:66,7,1,1
BRDA:69,8,0,1
BRDA:69,8,1,20
BRDA:69,9,0,21
BRDA:69,9,1,1
BRDA:72,10,0,20
BRDA:72,10,1,0
BRDA:73,11,0,11
BRDA:73,11,1,9
BRDA:75,12,0,9
BRDA:75,12,1,0
BRDA:87,13,0,10
BRDA:87,13,1,0
BRDA:89,14,0,1
BRDA:89,14,1,9
BRDA:94,15,0,1
BRDA:94,15,1,8
BRDA:99,16,0,1
BRDA:99,16,1,7
BRDA:104,17,0,1
BRDA:104,17,1,6
BRDA:109,18,0,1
BRDA:109,18,1,5
BRDA:116,19,0,1
BRDA:116,19,1,4
BRDA:128,20,0,0
BRDA:128,20,1,3
BRDA:136,21,0,0
BRDA:136,21,1,3
BRDA:148,22,0,0
BRDA:148,22,1,1
BRF:46
BRH:40
end_of_record
TN:
SF:scripts/reporter.js
FN:11,generateReport
FN:26,generateTextReport
FN:131,generateJSONReport
FN:138,generateHTMLReport
FN:257,getSeverityIcon
FN:266,escapeHtml
FNF:6
FNH:6
FNDA:12,generateReport
FNDA:5,generateTextReport
FNDA:2,generateJSONReport
FNDA:5,generateHTMLReport
FNDA:60,getSeverityIcon
FNDA:429,escapeHtml
DA:3,2
DA:12,12
DA:14,2
DA:16,5
DA:19,5
DA:27,5
DA:28,5
DA:29,5
DA:31,5
DA:32,5
DA:33,5
DA:34,5
DA:36,5
DA:37,1
DA:38,1
DA:39,1
DA:40,1
DA:42,1
DA:46,4
DA:47,4
DA:48,4
DA:49,4
DA:52,4
DA:53,4
DA:54,4
DA:55,4
DA:56,4
DA:57,4
DA:58,4
DA:59,4
DA:60,4
DA:63,4
DA:64,4
DA:65,52
DA:66,52
DA:68,4
DA:71,4
DA:72,4
DA:73,4
DA:74,12
DA:76,4
DA:80,4
DA:81,4
DA:82,4
DA:83,4
DA:84,4
DA:86,4
DA:87,60
DA:88,60
DA:90,60
DA:91,60
DA:92,60
DA:93,60
DA:94,60
DA:95,60
DA:97,60
DA:100,0
DA:101,0
DA:105,4
DA:106,4
DA:107,4
DA:108,4
DA:110,4
DA:111,88
DA:112,88
DA:113,88
DA:114,88
DA:115,88
DA:116,48
DA:118,88
DA:121,4
DA:122,4
DA:123,4
DA:125,4
DA:132,2
DA:139,5
DA:141,5
DA:142,5
DA:143,5
DA:144,5
DA:145,5
DA:146,5
DA:147,5
DA:148,5
DA:149,5
DA:150,5
DA:151,5
DA:152,5
DA:153,5
DA:154,5
DA:155,5
DA:156,5
DA:157,5
DA:158,5
DA:159,5
DA:160,5
DA:161,5
DA:162,5
DA:163,5
DA:164,5
DA:165,5
DA:166,5
DA:167,5
DA:168,5
DA:171,5
DA:172,5
DA:174,5
DA:175,1
DA:176,1
DA:177,1
DA:178,1
DA:180,1
DA:181,1
DA:184,4
DA:185,4
DA:186,4
DA:189,4
DA:190,4
DA:191,4
DA:192,4
DA:193,4
DA:194,4
DA:195,4
DA:196,4
DA:197,4
DA:198,4
DA:201,4
DA:202,4
DA:203,4
DA:204,4
DA:205,4
DA:206,4
DA:208,4
DA:209,60
DA:210,60
DA:211,60
DA:213,60
DA:214,60
DA:215,60
DA:216,60
DA:217,60
DA:218,60
DA:219,60
DA:220,60
DA:223,4
DA:224,4
DA:225,4
DA:229,4
DA:230,4
DA:231,4
DA:232,4
DA:233,4
DA:235,4
DA:236,88
DA:237,88
DA:238,88
DA:239,88
DA:240,88
DA:241,88
DA:242,88
DA:245,4
DA:246,4
DA:247,4
DA:250,4
DA:251,4
DA:252,4
DA:254,4
DA:258,60
DA:259,32
DA:260,20
DA:261,8
DA:262,0
DA:267,429
DA:268,428
DA:275,2
LF:175
LH:172
BRDA:11,0,0,0
BRDA:12,1,0,2
BRDA:12,1,1,5
BRDA:12,1,2,5
BRDA:12,1,3,5
BRDA:36,2,0,1
BRDA:36,2,1,4
BRDA:71,3,0,4
BRDA:71,3,1,0
BRDA:80,4,0,4
BRDA:80,4,1,0
BRDA:94,5,0,60
BRDA:94,5,1,0
BRDA:114,6,0,40
BRDA:114,6,1,48
BRDA:115,7,0,48
BRDA:115,7,1,40
BRDA:174,8,0,1
BRDA:174,8,1,4
BRDA:201,9,0,4
BRDA:201,9,1,0
BRDA:219,10,0,60
BRDA:219,10,1,0
BRDA:258,11,0,32
BRDA:258,11,1,20
BRDA:258,11,2,8
BRDA:258,11,3,0
BRDA:267,12,0,1
BRDA:267,12,1,428
BRF:29
BRH:22
end_of_record
TN:
SF:scripts/utils.js
FN:13,loadTemplate
FN:37,parseJSON
FN:45,parseYAML
FN:59,createCfnYamlSchema
FN:67,(anonymous_4)
FN:70,(anonymous_5)
FN:71,(anonymous_6)
FN:76,(anonymous_7)
FN:79,(anonymous_8)
FN:80,(anonymous_9)
FN:85,(anonymous_10)
FN:88,(anonymous_11)
FN:89,(anonymous_12)
FN:99,validateTemplate
FN:130,loadServicesData
FN:138,loadMetricsData
FN:146,getResourceCost
FN:174,getEC2Cost
FN:184,getEBSCost
FN:198,getRDSCost
FN:214,getALBCost
FN:224,getEIPCost
FN:234,getNatGatewayCost
FN:243,getDynamoDBCost
FN:257,getElastiCacheCost
FN:272,buildDependencyGraph
FN:291,extractRefs
FN:342,findUnreferencedResources
FN:363,formatCurrency
FN:370,formatMonthlyCost
FNF:30
FNH:25
FNDA:23,loadTemplate
FNDA:4,parseJSON
FNDA:16,parseYAML
FNDA:16,createCfnYamlSchema
FNDA:272,(anonymous_4)
FNDA:400,(anonymous_5)
FNDA:0,(anonymous_6)
FNDA:272,(anonymous_7)
FNDA:0,(anonymous_8)
FNDA:0,(anonymous_9)
FNDA:272,(anonymous_10)
FNDA:0,(anonymous_11)
FNDA:0,(anonymous_12)
FNDA:23,validateTemplate
FNDA:20,loadServicesData
FNDA:19,loadMetricsData
FNDA:679,getResourceCost
FNDA:130,getEC2Cost
FNDA:104,getEBSCost
FNDA:87,getRDSCost
FNDA:31,getALBCost
FNDA:82,getEIPCost
FNDA:31,getNatGatewayCost
FNDA:31,getDynamoDBCost
FNDA:46,getElastiCacheCost
FNDA:20,buildDependencyGraph
FNDA:3703,extractRefs
FNDA:19,findUnreferencedResources
FNDA:328,formatCurrency
FNDA:169,formatMonthlyCost
DA:3,4
DA:4,4
DA:5,4
DA:7,4
DA:14,23
DA:15,23
DA:16,3
DA:19,20
DA:20,20
DA:22,20
DA:23,4
DA:25,16
DA:26,16
DA:30,0
DA:31,0
DA:33,0
DA:38,4
DA:39,4
DA:41,0
DA:46,16
DA:48,16
DA:49,16
DA:51,0
DA:60,16
DA:67,16
DA:68,272
DA:70,400
DA:71,0
DA:76,16
DA:77,272
DA:79,0
DA:80,0
DA:85,16
DA:86,272
DA:88,0
DA:89,0
DA:93,16
DA:100,23
DA:102,23
DA:103,1
DA:104,1
DA:107,22
DA:108,1
DA:109,1
DA:112,21
DA:113,1
DA:114,1
DA:118,20
DA:119,344
DA:120,1
DA:124,20
DA:131,20
DA:132,20
DA:139,19
DA:140,19
DA:147,679
DA:148,679
DA:149,31
DA:152,648
DA:154,130
DA:156,104
DA:158,87
DA:160,31
DA:162,82
DA:164,31
DA:166,31
DA:168,46
DA:170,106
DA:175,130
DA:176,130
DA:177,130
DA:185,104
DA:186,104
DA:187,104
DA:188,104
DA:189,104
DA:190,104
DA:191,104
DA:199,87
DA:200,87
DA:201,87
DA:202,87
DA:203,87
DA:204,87
DA:205,87
DA:206,87
DA:207,87
DA:215,31
DA:216,31
DA:217,31
DA:226,82
DA:227,82
DA:235,31
DA:236,31
DA:244,31
DA:245,31
DA:246,31
DA:247,31
DA:248,31
DA:249,31
DA:250,31
DA:258,46
DA:259,46
DA:260,46
DA:261,46
DA:273,20
DA:275,20
DA:276,345
DA:277,345
DA:278,345
DA:279,347
DA:280,331
DA:285,20
DA:292,3703
DA:294,3703
DA:295,1
DA:298,3702
DA:299,2187
DA:302,1515
DA:303,275
DA:304,322
DA:306,275
DA:309,1240
DA:310,1240
DA:311,5
DA:313,1240
DA:314,2
DA:315,2
DA:316,1
DA:317,1
DA:318,1
DA:321,1240
DA:322,330
DA:324,1240
DA:325,15
DA:326,15
DA:327,15
DA:331,1240
DA:332,3028
DA:336,1240
DA:343,19
DA:344,19
DA:345,345
DA:346,332
DA:350,19
DA:351,19
DA:352,345
DA:353,193
DA:357,19
DA:364,328
DA:371,169
DA:374,4
LF:152
LH:142
BRDA:15,0,0,3
BRDA:15,0,1,20
BRDA:22,1,0,4
BRDA:22,1,1,16
BRDA:25,2,0,16
BRDA:25,2,1,0
BRDA:25,3,0,16
BRDA:25,3,1,0
BRDA:102,4,0,1
BRDA:102,4,1,22
BRDA:102,5,0,23
BRDA:102,5,1,22
BRDA:107,6,0,1
BRDA:107,6,1,21
BRDA:107,7,0,22
BRDA:107,7,1,21
BRDA:112,8,0,1
BRDA:112,8,1,20
BRDA:119,9,0,1
BRDA:119,9,1,343
BRDA:148,10,0,31
BRDA:148,10,1,648
BRDA:148,11,0,679
BRDA:148,11,1,648
BRDA:152,12,0,130
BRDA:152,12,1,104
BRDA:152,12,2,87
BRDA:152,12,3,31
BRDA:152,12,4,82
BRDA:152,12,5,31
BRDA:152,12,6,31
BRDA:152,12,7,46
BRDA:152,12,8,106
BRDA:175,13,0,130
BRDA:175,13,1,0
BRDA:176,14,0,130
BRDA:176,14,1,0
BRDA:185,15,0,104
BRDA:185,15,1,0
BRDA:186,16,0,104
BRDA:186,16,1,0
BRDA:187,17,0,104
BRDA:187,17,1,0
BRDA:189,18,0,104
BRDA:189,18,1,49
BRDA:190,19,0,55
BRDA:190,19,1,49
BRDA:190,20,0,104
BRDA:190,20,1,49
BRDA:194,21,0,55
BRDA:194,21,1,49
BRDA:199,22,0,87
BRDA:199,22,1,0
BRDA:200,23,0,87
BRDA:200,23,1,0
BRDA:201,24,0,76
BRDA:201,24,1,11
BRDA:202,25,0,87
BRDA:202,25,1,2
BRDA:203,26,0,87
BRDA:203,26,1,2
BRDA:204,27,0,60
BRDA:204,27,1,27
BRDA:204,28,0,27
BRDA:204,28,1,0
BRDA:210,29,0,76
BRDA:210,29,1,11
BRDA:215,30,0,31
BRDA:215,30,1,0
BRDA:216,31,0,31
BRDA:216,31,1,0
BRDA:216,31,2,0
BRDA:226,32,0,82
BRDA:226,32,1,0
BRDA:235,33,0,31
BRDA:235,33,1,0
BRDA:244,34,0,31
BRDA:244,34,1,0
BRDA:245,35,0,31
BRDA:245,35,1,0
BRDA:246,36,0,31
BRDA:246,36,1,0
BRDA:247,37,0,31
BRDA:247,37,1,0
BRDA:248,38,0,31
BRDA:248,38,1,0
BRDA:258,39,0,46
BRDA:258,39,1,0
BRDA:259,40,0,46
BRDA:259,40,1,0
BRDA:260,41,0,46
BRDA:260,41,1,0
BRDA:279,42,0,331
BRDA:279,42,1,16
BRDA:279,43,0,347
BRDA:279,43,1,331
BRDA:294,44,0,1
BRDA:294,44,1,3702
BRDA:294,45,0,3703
BRDA:294,45,1,3702
BRDA:298,46,0,2187
BRDA:298,46,1,1515
BRDA:298,47,0,3702
BRDA:298,47,1,1751
BRDA:298,47,2,1561
BRDA:302,48,0,275
BRDA:302,48,1,1240
BRDA:309,49,0,1240
BRDA:309,49,1,0
BRDA:310,50,0,5
BRDA:310,50,1,1235
BRDA:313,51,0,2
BRDA:313,51,1,1238
BRDA:315,52,0,1
BRDA:315,52,1,1
BRDA:315,53,0,2
BRDA:315,53,1,1
BRDA:317,54,0,1
BRDA:317,54,1,0
BRDA:321,55,0,330
BRDA:321,55,1,910
BRDA:321,56,0,1240
BRDA:321,56,1,330
BRDA:324,57,0,15
BRDA:324,57,1,1225
BRDA:324,58,0,1240
BRDA:324,58,1,15
BRDA:326,59,0,15
BRDA:326,59,1,0
BRDA:352,60,0,193
BRDA:352,60,1,152
BRF:131
BRH:105
end_of_record
